#
# There is insufficient memory for the Java Runtime Environment to continue.
# Native memory allocation (malloc) failed to allocate 783616 bytes for Chunk::new
# Possible reasons:
#   The system is out of physical RAM or swap space
#   The process is running with CompressedOops enabled, and the Java Heap may be blocking the growth of the native heap
# Possible solutions:
#   Reduce memory load on the system
#   Increase physical memory or swap space
#   Check if swap backing store is full
#   Decrease Java heap size (-Xmx/-Xms)
#   Decrease number of Java threads
#   Decrease Java thread stack sizes (-Xss)
#   Set larger code cache with -XX:ReservedCodeCacheSize=
#   JVM is running with Unscaled Compressed Oops mode in which the Java heap is
#     placed in the first 4GB address space. The Java Heap base address is the
#     maximum limit for the native heap growth. Please use -XX:HeapBaseMinAddress
#     to set the Java Heap base and to place the Java Heap above 4GB virtual address.
# This output file may be truncated or incomplete.
#
#  Out of Memory Error (arena.cpp:189), pid=19968, tid=19904
#
# JRE version: OpenJDK Runtime Environment (17.0.6) (build 17.0.6+0-b2043.56-10027231)
# Java VM: OpenJDK 64-Bit Server VM (17.0.6+0-b2043.56-10027231, mixed mode, tiered, compressed oops, compressed class ptrs, g1 gc, windows-amd64)
# No core dump will be written. Minidumps are not enabled by default on client versions of Windows
#

---------------  S U M M A R Y ------------

Command Line: --add-opens=java.base/java.util=ALL-UNNAMED --add-opens=java.base/java.lang=ALL-UNNAMED --add-opens=java.base/java.lang.invoke=ALL-UNNAMED --add-opens=java.prefs/java.util.prefs=ALL-UNNAMED --add-opens=java.base/java.nio.charset=ALL-UNNAMED --add-opens=java.base/java.net=ALL-UNNAMED --add-opens=java.base/java.util.concurrent.atomic=ALL-UNNAMED -Xmx2048m -Dfile.encoding=UTF-8 -Duser.country=US -Duser.language=en -Duser.variant org.gradle.launcher.daemon.bootstrap.GradleDaemon 8.0

Host: Intel(R) Core(TM) i7-8565U CPU @ 1.80GHz, 8 cores, 7G,  Windows 11 , 64 bit Build 22621 (10.0.22621.3672)
Time: Sun Jun 16 21:42:24 2024 Pakistan Standard Time elapsed time: 89.135027 seconds (0d 0h 1m 29s)

---------------  T H R E A D  ---------------

Current thread (0x00000180ffc43cb0):  JavaThread "C2 CompilerThread0" daemon [_thread_in_native, id=19904, stack(0x0000002faf500000,0x0000002faf600000)]


Current CompileTask:
C2:  89135 2124   !   4       java.lang.ClassLoader::loadClass (121 bytes)

Stack: [0x0000002faf500000,0x0000002faf600000]
Native frames: (J=compiled Java code, j=interpreted, Vv=VM code, C=native code)
V  [jvm.dll+0x683c9a]
V  [jvm.dll+0x8427a4]
V  [jvm.dll+0x843f9e]
V  [jvm.dll+0x844603]
V  [jvm.dll+0x249b75]
V  [jvm.dll+0xabcac]
V  [jvm.dll+0xac27c]
V  [jvm.dll+0x2b0eef]
V  [jvm.dll+0x58a267]
V  [jvm.dll+0x2243b2]
V  [jvm.dll+0x22478f]
V  [jvm.dll+0x21e055]
V  [jvm.dll+0x21b51b]
V  [jvm.dll+0x1a4fdd]
V  [jvm.dll+0x22b098]
V  [jvm.dll+0x229159]
V  [jvm.dll+0x7f81ec]
V  [jvm.dll+0x7f274a]
V  [jvm.dll+0x682ad5]
C  [ucrtbase.dll+0x29333]
C  [KERNEL32.DLL+0x1257d]
C  [ntdll.dll+0x5af28]


---------------  P R O C E S S  ---------------

Threads class SMR info:
_java_thread_list=0x0000018093b7acb0, length=25, elements={
0x00000180f41cdfe0, 0x00000180ff22c250, 0x00000180ffc23fe0, 0x00000180ffc3eff0,
0x00000180ffc3f9b0, 0x00000180ffc40560, 0x00000180ffc42f20, 0x00000180ffc43cb0,
0x00000180ffc44750, 0x00000180ffc47150, 0x00000180ffddb340, 0x00000180ffdef020,
0x00000180922fc660, 0x0000018091d52680, 0x0000018091f76ff0, 0x0000018091a70430,
0x00000180919b0020, 0x0000018091de4bd0, 0x0000018091de63e0, 0x0000018091de68b0,
0x0000018091de5570, 0x0000018091de4230, 0x0000018091de50a0, 0x0000018091de33c0,
0x0000018091de5a40
}

Java Threads: ( => current thread )
  0x00000180f41cdfe0 JavaThread "main" [_thread_blocked, id=21492, stack(0x0000002fae800000,0x0000002fae900000)]
  0x00000180ff22c250 JavaThread "Reference Handler" daemon [_thread_blocked, id=3076, stack(0x0000002faef00000,0x0000002faf000000)]
  0x00000180ffc23fe0 JavaThread "Finalizer" daemon [_thread_blocked, id=15928, stack(0x0000002faf000000,0x0000002faf100000)]
  0x00000180ffc3eff0 JavaThread "Signal Dispatcher" daemon [_thread_blocked, id=21268, stack(0x0000002faf100000,0x0000002faf200000)]
  0x00000180ffc3f9b0 JavaThread "Attach Listener" daemon [_thread_blocked, id=19112, stack(0x0000002faf200000,0x0000002faf300000)]
  0x00000180ffc40560 JavaThread "Service Thread" daemon [_thread_blocked, id=11236, stack(0x0000002faf300000,0x0000002faf400000)]
  0x00000180ffc42f20 JavaThread "Monitor Deflation Thread" daemon [_thread_blocked, id=19300, stack(0x0000002faf400000,0x0000002faf500000)]
=>0x00000180ffc43cb0 JavaThread "C2 CompilerThread0" daemon [_thread_in_native, id=19904, stack(0x0000002faf500000,0x0000002faf600000)]
  0x00000180ffc44750 JavaThread "C1 CompilerThread0" daemon [_thread_blocked, id=20316, stack(0x0000002faf600000,0x0000002faf700000)]
  0x00000180ffc47150 JavaThread "Sweeper thread" daemon [_thread_blocked, id=19024, stack(0x0000002faf700000,0x0000002faf800000)]
  0x00000180ffddb340 JavaThread "Common-Cleaner" daemon [_thread_blocked, id=21084, stack(0x0000002faf800000,0x0000002faf900000)]
  0x00000180ffdef020 JavaThread "Notification Thread" daemon [_thread_blocked, id=19324, stack(0x0000002faf900000,0x0000002fafa00000)]
  0x00000180922fc660 JavaThread "Daemon health stats" [_thread_blocked, id=10648, stack(0x0000002fae700000,0x0000002fae800000)]
  0x0000018091d52680 JavaThread "Incoming local TCP Connector on port 56298" [_thread_in_native, id=19708, stack(0x0000002fafe00000,0x0000002faff00000)]
  0x0000018091f76ff0 JavaThread "Daemon periodic checks" [_thread_blocked, id=20628, stack(0x0000002faff00000,0x0000002fb0000000)]
  0x0000018091a70430 JavaThread "Daemon" [_thread_blocked, id=9960, stack(0x0000002fb0000000,0x0000002fb0100000)]
  0x00000180919b0020 JavaThread "Handler for socket connection from /127.0.0.1:56298 to /127.0.0.1:56299" [_thread_in_native, id=21272, stack(0x0000002fb0100000,0x0000002fb0200000)]
  0x0000018091de4bd0 JavaThread "Cancel handler" [_thread_blocked, id=18468, stack(0x0000002fb0200000,0x0000002fb0300000)]
  0x0000018091de63e0 JavaThread "Daemon worker" [_thread_in_Java, id=16708, stack(0x0000002fb0300000,0x0000002fb0400000)]
  0x0000018091de68b0 JavaThread "Asynchronous log dispatcher for DefaultDaemonConnection: socket connection from /127.0.0.1:56298 to /127.0.0.1:56299" [_thread_blocked, id=6424, stack(0x0000002fb0400000,0x0000002fb0500000)]
  0x0000018091de5570 JavaThread "Stdin handler" [_thread_blocked, id=19288, stack(0x0000002fb0500000,0x0000002fb0600000)]
  0x0000018091de4230 JavaThread "Daemon client event forwarder" [_thread_blocked, id=10356, stack(0x0000002fb0600000,0x0000002fb0700000)]
  0x0000018091de50a0 JavaThread "Cache worker for journal cache (C:\Users\MalikAdmin\.gradle\caches\journal-1)" [_thread_blocked, id=19948, stack(0x0000002fb0b00000,0x0000002fb0c00000)]
  0x0000018091de33c0 JavaThread "File lock request listener" [_thread_in_native, id=7180, stack(0x0000002fb0c00000,0x0000002fb0d00000)]
  0x0000018091de5a40 JavaThread "Cache worker for file hash cache (C:\Users\MalikAdmin\.gradle\caches\8.0\fileHashes)" [_thread_blocked, id=13100, stack(0x0000002fb0d00000,0x0000002fb0e00000)]

Other Threads:
  0x00000180ffc13b50 VMThread "VM Thread" [stack: 0x0000002faee00000,0x0000002faef00000] [id=10600]
  0x00000180ffdd9010 WatcherThread [stack: 0x0000002fafa00000,0x0000002fafb00000] [id=19352]
  0x00000180f641cd20 GCTaskThread "GC Thread#0" [stack: 0x0000002fae900000,0x0000002faea00000] [id=20556]
  0x0000018091ae5310 GCTaskThread "GC Thread#1" [stack: 0x0000002fafb00000,0x0000002fafc00000] [id=17288]
  0x0000018091ae55c0 GCTaskThread "GC Thread#2" [stack: 0x0000002fafc00000,0x0000002fafd00000] [id=19700]
  0x00000180918d05e0 GCTaskThread "GC Thread#3" [stack: 0x0000002fafd00000,0x0000002fafe00000] [id=19000]
  0x000001809152dee0 GCTaskThread "GC Thread#4" [stack: 0x0000002fae500000,0x0000002fae600000] [id=2588]
  0x0000018091bc0c20 GCTaskThread "GC Thread#5" [stack: 0x0000002fb0700000,0x0000002fb0800000] [id=19748]
  0x0000018091bc1c40 GCTaskThread "GC Thread#6" [stack: 0x0000002fb0800000,0x0000002fb0900000] [id=14816]
  0x0000018091bc0ed0 GCTaskThread "GC Thread#7" [stack: 0x0000002fb0900000,0x0000002fb0a00000] [id=12748]
  0x00000180f642dc60 ConcurrentGCThread "G1 Main Marker" [stack: 0x0000002faea00000,0x0000002faeb00000] [id=20328]
  0x00000180f642e670 ConcurrentGCThread "G1 Conc#0" [stack: 0x0000002faeb00000,0x0000002faec00000] [id=6472]
  0x0000018091bc1180 ConcurrentGCThread "G1 Conc#1" [stack: 0x0000002fb0a00000,0x0000002fb0b00000] [id=19584]
  0x00000180f647e660 ConcurrentGCThread "G1 Refine#0" [stack: 0x0000002faec00000,0x0000002faed00000] [id=18220]
  0x00000180ff067250 ConcurrentGCThread "G1 Service" [stack: 0x0000002faed00000,0x0000002faee00000] [id=4692]

Threads with active compile tasks:
C2 CompilerThread0    89260 2124   !   4       java.lang.ClassLoader::loadClass (121 bytes)

VM state: not at safepoint (normal execution)

VM Mutex/Monitor currently owned by a thread: None

Heap address: 0x0000000080000000, size: 2048 MB, Compressed Oops mode: 32-bit

CDS archive(s) not mapped
Compressed class space mapped at: 0x0000000100000000-0x0000000140000000, reserved size: 1073741824
Narrow klass base: 0x0000000000000000, Narrow klass shift: 3, Narrow klass range: 0x140000000

GC Precious Log:
 CPUs: 8 total, 8 available
 Memory: 8039M
 Large Page Support: Disabled
 NUMA Support: Disabled
 Compressed Oops: Enabled (32-bit)
 Heap Region Size: 1M
 Heap Min Capacity: 8M
 Heap Initial Capacity: 126M
 Heap Max Capacity: 2G
 Pre-touch: Disabled
 Parallel Workers: 8
 Concurrent Workers: 2
 Concurrent Refinement Workers: 8
 Periodic GC: Disabled

Heap:
 garbage-first heap   total 71680K, used 34958K [0x0000000080000000, 0x0000000100000000)
  region size 1024K, 26 young (26624K), 9 survivors (9216K)
 Metaspace       used 24079K, committed 24384K, reserved 1073152K
  class space    used 3055K, committed 3200K, reserved 1048576K

Heap Regions: E=young(eden), S=young(survivor), O=old, HS=humongous(starts), HC=humongous(continues), CS=collection set, F=free, OA=open archive, CA=closed archive, TAMS=top-at-mark-start (previous, next)
|   0|0x0000000080000000, 0x0000000080100000, 0x0000000080100000|100%|HS|  |TAMS 0x0000000080100000, 0x0000000080000000| Complete 
|   1|0x0000000080100000, 0x0000000080200000, 0x0000000080200000|100%|HC|  |TAMS 0x0000000080200000, 0x0000000080100000| Complete 
|   2|0x0000000080200000, 0x0000000080300000, 0x0000000080300000|100%|HC|  |TAMS 0x0000000080300000, 0x0000000080200000| Complete 
|   3|0x0000000080300000, 0x0000000080400000, 0x0000000080400000|100%|HC|  |TAMS 0x0000000080400000, 0x0000000080300000| Complete 
|   4|0x0000000080400000, 0x0000000080500000, 0x0000000080500000|100%| O|  |TAMS 0x0000000080500000, 0x0000000080400000| Untracked 
|   5|0x0000000080500000, 0x0000000080600000, 0x0000000080600000|100%| O|  |TAMS 0x0000000080600000, 0x0000000080500000| Untracked 
|   6|0x0000000080600000, 0x0000000080700000, 0x0000000080700000|100%| O|  |TAMS 0x0000000080700000, 0x0000000080600000| Untracked 
|   7|0x0000000080700000, 0x0000000080700000, 0x0000000080800000|  0%| F|  |TAMS 0x0000000080700000, 0x0000000080700000| Untracked 
|   8|0x0000000080800000, 0x0000000080900000, 0x0000000080900000|100%| O|  |TAMS 0x0000000080900000, 0x0000000080800000| Untracked 
|   9|0x0000000080900000, 0x0000000080a00000, 0x0000000080a00000|100%| O|  |TAMS 0x0000000080a00000, 0x0000000080900000| Untracked 
|  10|0x0000000080a00000, 0x0000000080af9000, 0x0000000080b00000| 97%| O|  |TAMS 0x0000000080af9000, 0x0000000080a00000| Complete 
|  11|0x0000000080b00000, 0x0000000080b00000, 0x0000000080c00000|  0%| F|  |TAMS 0x0000000080b00000, 0x0000000080b00000| Untracked 
|  12|0x0000000080c00000, 0x0000000080c00000, 0x0000000080d00000|  0%| F|  |TAMS 0x0000000080c00000, 0x0000000080c00000| Untracked 
|  13|0x0000000080d00000, 0x0000000080d00000, 0x0000000080e00000|  0%| F|  |TAMS 0x0000000080d00000, 0x0000000080d00000| Untracked 
|  14|0x0000000080e00000, 0x0000000080e00000, 0x0000000080f00000|  0%| F|  |TAMS 0x0000000080e00000, 0x0000000080e00000| Untracked 
|  15|0x0000000080f00000, 0x0000000080f00000, 0x0000000081000000|  0%| F|  |TAMS 0x0000000080f00000, 0x0000000080f00000| Untracked 
|  16|0x0000000081000000, 0x0000000081000000, 0x0000000081100000|  0%| F|  |TAMS 0x0000000081000000, 0x0000000081000000| Untracked 
|  17|0x0000000081100000, 0x0000000081100000, 0x0000000081200000|  0%| F|  |TAMS 0x0000000081100000, 0x0000000081100000| Untracked 
|  18|0x0000000081200000, 0x0000000081200000, 0x0000000081300000|  0%| F|  |TAMS 0x0000000081200000, 0x0000000081200000| Untracked 
|  19|0x0000000081300000, 0x0000000081300000, 0x0000000081400000|  0%| F|  |TAMS 0x0000000081300000, 0x0000000081300000| Untracked 
|  20|0x0000000081400000, 0x0000000081400000, 0x0000000081500000|  0%| F|  |TAMS 0x0000000081400000, 0x0000000081400000| Untracked 
|  21|0x0000000081500000, 0x0000000081500000, 0x0000000081600000|  0%| F|  |TAMS 0x0000000081500000, 0x0000000081500000| Untracked 
|  22|0x0000000081600000, 0x0000000081600000, 0x0000000081700000|  0%| F|  |TAMS 0x0000000081600000, 0x0000000081600000| Untracked 
|  23|0x0000000081700000, 0x0000000081700000, 0x0000000081800000|  0%| F|  |TAMS 0x0000000081700000, 0x0000000081700000| Untracked 
|  24|0x0000000081800000, 0x0000000081800000, 0x0000000081900000|  0%| F|  |TAMS 0x0000000081800000, 0x0000000081800000| Untracked 
|  25|0x0000000081900000, 0x0000000081900000, 0x0000000081a00000|  0%| F|  |TAMS 0x0000000081900000, 0x0000000081900000| Untracked 
|  26|0x0000000081a00000, 0x0000000081a00000, 0x0000000081b00000|  0%| F|  |TAMS 0x0000000081a00000, 0x0000000081a00000| Untracked 
|  27|0x0000000081b00000, 0x0000000081b00000, 0x0000000081c00000|  0%| F|  |TAMS 0x0000000081b00000, 0x0000000081b00000| Untracked 
|  28|0x0000000081c00000, 0x0000000081c00000, 0x0000000081d00000|  0%| F|  |TAMS 0x0000000081c00000, 0x0000000081c00000| Untracked 
|  29|0x0000000081d00000, 0x0000000081d00000, 0x0000000081e00000|  0%| F|  |TAMS 0x0000000081d00000, 0x0000000081d00000| Untracked 
|  30|0x0000000081e00000, 0x0000000081e00000, 0x0000000081f00000|  0%| F|  |TAMS 0x0000000081e00000, 0x0000000081e00000| Untracked 
|  31|0x0000000081f00000, 0x0000000081f00000, 0x0000000082000000|  0%| F|  |TAMS 0x0000000081f00000, 0x0000000081f00000| Untracked 
|  32|0x0000000082000000, 0x0000000082000000, 0x0000000082100000|  0%| F|  |TAMS 0x0000000082000000, 0x0000000082000000| Untracked 
|  33|0x0000000082100000, 0x0000000082100000, 0x0000000082200000|  0%| F|  |TAMS 0x0000000082100000, 0x0000000082100000| Untracked 
|  34|0x0000000082200000, 0x0000000082200000, 0x0000000082300000|  0%| F|  |TAMS 0x0000000082200000, 0x0000000082200000| Untracked 
|  35|0x0000000082300000, 0x0000000082300000, 0x0000000082400000|  0%| F|  |TAMS 0x0000000082300000, 0x0000000082300000| Untracked 
|  36|0x0000000082400000, 0x0000000082400000, 0x0000000082500000|  0%| F|  |TAMS 0x0000000082400000, 0x0000000082400000| Untracked 
|  37|0x0000000082500000, 0x0000000082500000, 0x0000000082600000|  0%| F|  |TAMS 0x0000000082500000, 0x0000000082500000| Untracked 
|  38|0x0000000082600000, 0x0000000082600000, 0x0000000082700000|  0%| F|  |TAMS 0x0000000082600000, 0x0000000082600000| Untracked 
|  39|0x0000000082700000, 0x0000000082700000, 0x0000000082800000|  0%| F|  |TAMS 0x0000000082700000, 0x0000000082700000| Untracked 
|  40|0x0000000082800000, 0x0000000082800000, 0x0000000082900000|  0%| F|  |TAMS 0x0000000082800000, 0x0000000082800000| Untracked 
|  41|0x0000000082900000, 0x0000000082900000, 0x0000000082a00000|  0%| F|  |TAMS 0x0000000082900000, 0x0000000082900000| Untracked 
|  42|0x0000000082a00000, 0x0000000082a00000, 0x0000000082b00000|  0%| F|  |TAMS 0x0000000082a00000, 0x0000000082a00000| Untracked 
|  43|0x0000000082b00000, 0x0000000082b00000, 0x0000000082c00000|  0%| F|  |TAMS 0x0000000082b00000, 0x0000000082b00000| Untracked 
|  44|0x0000000082c00000, 0x0000000082c992e8, 0x0000000082d00000| 59%| E|  |TAMS 0x0000000082c00000, 0x0000000082c00000| Complete 
|  45|0x0000000082d00000, 0x0000000082e00000, 0x0000000082e00000|100%| E|CS|TAMS 0x0000000082d00000, 0x0000000082d00000| Complete 
|  46|0x0000000082e00000, 0x0000000082f00000, 0x0000000082f00000|100%| E|CS|TAMS 0x0000000082e00000, 0x0000000082e00000| Complete 
|  47|0x0000000082f00000, 0x0000000083000000, 0x0000000083000000|100%| E|CS|TAMS 0x0000000082f00000, 0x0000000082f00000| Complete 
|  48|0x0000000083000000, 0x0000000083100000, 0x0000000083100000|100%| E|CS|TAMS 0x0000000083000000, 0x0000000083000000| Complete 
|  49|0x0000000083100000, 0x0000000083200000, 0x0000000083200000|100%| E|CS|TAMS 0x0000000083100000, 0x0000000083100000| Complete 
|  50|0x0000000083200000, 0x0000000083300000, 0x0000000083300000|100%| E|CS|TAMS 0x0000000083200000, 0x0000000083200000| Complete 
|  51|0x0000000083300000, 0x0000000083400000, 0x0000000083400000|100%| E|CS|TAMS 0x0000000083300000, 0x0000000083300000| Complete 
|  52|0x0000000083400000, 0x0000000083500000, 0x0000000083500000|100%| E|CS|TAMS 0x0000000083400000, 0x0000000083400000| Complete 
|  53|0x0000000083500000, 0x0000000083600000, 0x0000000083600000|100%| E|CS|TAMS 0x0000000083500000, 0x0000000083500000| Complete 
|  54|0x0000000083600000, 0x0000000083700000, 0x0000000083700000|100%| E|CS|TAMS 0x0000000083600000, 0x0000000083600000| Complete 
|  55|0x0000000083700000, 0x0000000083800000, 0x0000000083800000|100%| E|CS|TAMS 0x0000000083700000, 0x0000000083700000| Complete 
|  56|0x0000000083800000, 0x0000000083900000, 0x0000000083900000|100%| E|CS|TAMS 0x0000000083800000, 0x0000000083800000| Complete 
|  57|0x0000000083900000, 0x0000000083a00000, 0x0000000083a00000|100%| E|CS|TAMS 0x0000000083900000, 0x0000000083900000| Complete 
|  58|0x0000000083a00000, 0x0000000083b00000, 0x0000000083b00000|100%| E|CS|TAMS 0x0000000083a00000, 0x0000000083a00000| Complete 
|  74|0x0000000084a00000, 0x0000000084a2a840, 0x0000000084b00000| 16%| S|CS|TAMS 0x0000000084a00000, 0x0000000084a00000| Complete 
|  75|0x0000000084b00000, 0x0000000084c00000, 0x0000000084c00000|100%| S|CS|TAMS 0x0000000084b00000, 0x0000000084b00000| Complete 
|  76|0x0000000084c00000, 0x0000000084d00000, 0x0000000084d00000|100%| S|CS|TAMS 0x0000000084c00000, 0x0000000084c00000| Complete 
|  77|0x0000000084d00000, 0x0000000084e00000, 0x0000000084e00000|100%| S|CS|TAMS 0x0000000084d00000, 0x0000000084d00000| Complete 
|  78|0x0000000084e00000, 0x0000000084f00000, 0x0000000084f00000|100%| S|CS|TAMS 0x0000000084e00000, 0x0000000084e00000| Complete 
|  79|0x0000000084f00000, 0x0000000085000000, 0x0000000085000000|100%| S|CS|TAMS 0x0000000084f00000, 0x0000000084f00000| Complete 
|  80|0x0000000085000000, 0x0000000085100000, 0x0000000085100000|100%| S|CS|TAMS 0x0000000085000000, 0x0000000085000000| Complete 
|  81|0x0000000085100000, 0x0000000085200000, 0x0000000085200000|100%| S|CS|TAMS 0x0000000085100000, 0x0000000085100000| Complete 
|  82|0x0000000085200000, 0x0000000085300000, 0x0000000085300000|100%| S|CS|TAMS 0x0000000085200000, 0x0000000085200000| Complete 
| 124|0x0000000087c00000, 0x0000000087d00000, 0x0000000087d00000|100%| E|CS|TAMS 0x0000000087c00000, 0x0000000087c00000| Complete 
| 125|0x0000000087d00000, 0x0000000087e00000, 0x0000000087e00000|100%| E|CS|TAMS 0x0000000087d00000, 0x0000000087d00000| Complete 

Card table byte_map: [0x00000180f9fb0000,0x00000180fa3b0000] _byte_map_base: 0x00000180f9bb0000

Marking Bits (Prev, Next): (CMBitMap*) 0x00000180f641d370, (CMBitMap*) 0x00000180f641d330
 Prev Bits: [0x00000180fc7b0000, 0x00000180fe7b0000)
 Next Bits: [0x00000180fa7b0000, 0x00000180fc7b0000)

Polling page: 0x00000180f4370000

Metaspace:

Usage:
  Non-class:     20.57 MB used.
      Class:      2.99 MB used.
       Both:     23.55 MB used.

Virtual space:
  Non-class space:       24.00 MB reserved,      20.69 MB ( 86%) committed,  3 nodes.
      Class space:        1.00 GB reserved,       3.12 MB ( <1%) committed,  1 nodes.
             Both:        1.02 GB reserved,      23.81 MB (  2%) committed. 

Chunk freelists:
   Non-Class:  2.62 MB
       Class:  742.00 KB
        Both:  3.35 MB

MaxMetaspaceSize: unlimited
CompressedClassSpaceSize: 1.00 GB
Initial GC threshold: 21.00 MB
Current GC threshold: 35.31 MB
CDS: off
MetaspaceReclaimPolicy: balanced
 - commit_granule_bytes: 65536.
 - commit_granule_words: 8192.
 - virtual_space_node_default_size: 1048576.
 - enlarge_chunks_in_place: 1.
 - new_chunks_are_fully_committed: 0.
 - uncommit_free_chunks: 1.
 - use_allocation_guard: 0.
 - handle_deallocations: 1.


Internal statistics:

num_allocs_failed_limit: 3.
num_arena_births: 194.
num_arena_deaths: 0.
num_vsnodes_births: 4.
num_vsnodes_deaths: 0.
num_space_committed: 381.
num_space_uncommitted: 0.
num_chunks_returned_to_freelist: 3.
num_chunks_taken_from_freelist: 699.
num_chunk_merges: 0.
num_chunk_splits: 458.
num_chunks_enlarged: 342.
num_purges: 0.
num_inconsistent_stats: 0.

CodeHeap 'non-profiled nmethods': size=120000Kb used=1033Kb max_used=1033Kb free=118966Kb
 bounds [0x0000018087ad0000, 0x0000018087d40000, 0x000001808f000000]
CodeHeap 'profiled nmethods': size=120000Kb used=4471Kb max_used=4471Kb free=115528Kb
 bounds [0x0000018080000000, 0x0000018080460000, 0x0000018087530000]
CodeHeap 'non-nmethods': size=5760Kb used=1213Kb max_used=1270Kb free=4546Kb
 bounds [0x0000018087530000, 0x00000180877a0000, 0x0000018087ad0000]
 total_blobs=2697 nmethods=2172 adapters=438
 compilation: enabled
              stopped_count=0, restarted_count=0
 full_count=0

Compilation events (20 events):
Event: 89.106 Thread 0x00000180ffc44750 nmethod 2148 0x0000018080444f90 code [0x0000018080445120, 0x0000018080445238]
Event: 89.106 Thread 0x00000180ffc44750 2146       3       sun.reflect.generics.scope.ClassScope::make (9 bytes)
Event: 89.107 Thread 0x00000180ffc44750 nmethod 2146 0x0000018080445310 code [0x00000180804454c0, 0x0000018080445778]
Event: 89.107 Thread 0x00000180ffc44750 2147       3       sun.reflect.generics.scope.ClassScope::<init> (6 bytes)
Event: 89.107 Thread 0x00000180ffc44750 nmethod 2147 0x0000018080445890 code [0x0000018080445a40, 0x0000018080445c58]
Event: 89.107 Thread 0x00000180ffc44750 2149       1       sun.reflect.annotation.AnnotationType::memberTypes (5 bytes)
Event: 89.107 Thread 0x00000180ffc44750 nmethod 2149 0x0000018087bd1190 code [0x0000018087bd1320, 0x0000018087bd13f8]
Event: 89.107 Thread 0x00000180ffc44750 2150       1       sun.reflect.annotation.AnnotationType::memberDefaults (5 bytes)
Event: 89.107 Thread 0x00000180ffc44750 nmethod 2150 0x0000018087bd1490 code [0x0000018087bd1620, 0x0000018087bd16f8]
Event: 89.107 Thread 0x00000180ffc44750 2151       1       sun.reflect.annotation.AnnotationType::retention (5 bytes)
Event: 89.107 Thread 0x00000180ffc44750 nmethod 2151 0x0000018087bd1790 code [0x0000018087bd1920, 0x0000018087bd19f8]
Event: 89.107 Thread 0x00000180ffc44750 2153   !   3       jdk.internal.reflect.NativeConstructorAccessorImpl::newInstance (122 bytes)
Event: 89.109 Thread 0x00000180ffc44750 nmethod 2153 0x0000018080445d10 code [0x0000018080445f60, 0x0000018080446ae8]
Event: 89.109 Thread 0x00000180ffc44750 2155       3       jdk.internal.reflect.UTF8::utf8Length (81 bytes)
Event: 89.111 Thread 0x00000180ffc44750 nmethod 2155 0x0000018080447010 code [0x0000018080447240, 0x0000018080447af8]
Event: 89.111 Thread 0x00000180ffc44750 2156       3       jdk.internal.reflect.ClassFileAssembler::emitConstantPoolUTF8 (50 bytes)
Event: 89.112 Thread 0x00000180ffc44750 nmethod 2156 0x0000018080447e90 code [0x00000180804480c0, 0x0000018080448708]
Event: 89.112 Thread 0x00000180ffc44750 2157       3       java.lang.Class::getInterfaces (6 bytes)
Event: 89.112 Thread 0x00000180ffc44750 nmethod 2157 0x0000018080448a90 code [0x0000018080448c20, 0x0000018080448d68]
Event: 89.112 Thread 0x00000180ffc44750 2158       3       sun.reflect.annotation.AnnotationParser::parseMemberValue (230 bytes)

GC Heap History (6 events):
Event: 57.806 GC heap before
{Heap before GC invocations=0 (full 0):
 garbage-first heap   total 129024K, used 26624K [0x0000000080000000, 0x0000000100000000)
  region size 1024K, 23 young (23552K), 0 survivors (0K)
 Metaspace       used 10257K, committed 10432K, reserved 1064960K
  class space    used 1058K, committed 1152K, reserved 1048576K
}
Event: 57.979 GC heap after
{Heap after GC invocations=1 (full 0):
 garbage-first heap   total 129024K, used 10092K [0x0000000080000000, 0x0000000100000000)
  region size 1024K, 3 young (3072K), 3 survivors (3072K)
 Metaspace       used 10257K, committed 10432K, reserved 1064960K
  class space    used 1058K, committed 1152K, reserved 1048576K
}
Event: 71.898 GC heap before
{Heap before GC invocations=1 (full 0):
 garbage-first heap   total 129024K, used 35692K [0x0000000080000000, 0x0000000100000000)
  region size 1024K, 28 young (28672K), 3 survivors (3072K)
 Metaspace       used 11167K, committed 11392K, reserved 1064960K
  class space    used 1160K, committed 1280K, reserved 1048576K
}
Event: 71.954 GC heap after
{Heap after GC invocations=2 (full 0):
 garbage-first heap   total 129024K, used 11753K [0x0000000080000000, 0x0000000100000000)
  region size 1024K, 2 young (2048K), 2 survivors (2048K)
 Metaspace       used 11167K, committed 11392K, reserved 1064960K
  class space    used 1160K, committed 1280K, reserved 1048576K
}
Event: 88.005 GC heap before
{Heap before GC invocations=2 (full 0):
 garbage-first heap   total 129024K, used 52713K [0x0000000080000000, 0x0000000100000000)
  region size 1024K, 43 young (44032K), 2 survivors (2048K)
 Metaspace       used 21231K, committed 21504K, reserved 1073152K
  class space    used 2577K, committed 2752K, reserved 1048576K
}
Event: 88.036 GC heap after
{Heap after GC invocations=3 (full 0):
 garbage-first heap   total 129024K, used 18574K [0x0000000080000000, 0x0000000100000000)
  region size 1024K, 9 young (9216K), 9 survivors (9216K)
 Metaspace       used 21231K, committed 21504K, reserved 1073152K
  class space    used 2577K, committed 2752K, reserved 1048576K
}

Dll operation events (2 events):
Event: 0.054 Loaded shared library C:\Users\MalikAdmin\AndroidStudioProjects1\jbr\bin\java.dll
Event: 24.483 Loaded shared library C:\Users\MalikAdmin\AndroidStudioProjects1\jbr\bin\verify.dll

Deoptimization events (20 events):
Event: 88.456 Thread 0x0000018091de63e0 Uncommon trap: trap_request=0xffffff45 fr.pc=0x0000018087ae5a44 relative=0x00000000000001a4
Event: 88.456 Thread 0x0000018091de63e0 Uncommon trap: reason=unstable_if action=reinterpret pc=0x0000018087ae5a44 method=java.util.regex.Matcher.reset()Ljava/util/regex/Matcher; @ 47 c2
Event: 88.456 Thread 0x0000018091de63e0 DEOPT PACKING pc=0x0000018087ae5a44 sp=0x0000002fb03fac30
Event: 88.456 Thread 0x0000018091de63e0 DEOPT UNPACKING pc=0x00000180875869a3 sp=0x0000002fb03fabb8 mode 2
Event: 88.456 Thread 0x0000018091de63e0 Uncommon trap: trap_request=0xffffff45 fr.pc=0x0000018087ae6294 relative=0x0000000000000434
Event: 88.456 Thread 0x0000018091de63e0 Uncommon trap: reason=unstable_if action=reinterpret pc=0x0000018087ae6294 method=java.util.regex.Matcher.match(II)Z @ 76 c2
Event: 88.456 Thread 0x0000018091de63e0 DEOPT PACKING pc=0x0000018087ae6294 sp=0x0000002fb03fac60
Event: 88.456 Thread 0x0000018091de63e0 DEOPT UNPACKING pc=0x00000180875869a3 sp=0x0000002fb03fac30 mode 2
Event: 88.522 Thread 0x0000018091de63e0 Uncommon trap: trap_request=0xffffff45 fr.pc=0x0000018087b7527c relative=0x000000000000075c
Event: 88.522 Thread 0x0000018091de63e0 Uncommon trap: reason=unstable_if action=reinterpret pc=0x0000018087b7527c method=java.util.ArrayList.grow(I)[Ljava/lang/Object; @ 17 c2
Event: 88.522 Thread 0x0000018091de63e0 DEOPT PACKING pc=0x0000018087b7527c sp=0x0000002fb03fcce0
Event: 88.522 Thread 0x0000018091de63e0 DEOPT UNPACKING pc=0x00000180875869a3 sp=0x0000002fb03fcb78 mode 2
Event: 88.572 Thread 0x0000018091de63e0 Uncommon trap: trap_request=0xffffff45 fr.pc=0x0000018087aeaa68 relative=0x0000000000000ae8
Event: 88.572 Thread 0x0000018091de63e0 Uncommon trap: reason=unstable_if action=reinterpret pc=0x0000018087aeaa68 method=java.io.WinNTFileSystem.resolve(Ljava/lang/String;Ljava/lang/String;)Ljava/lang/String; @ 19 c2
Event: 88.572 Thread 0x0000018091de63e0 DEOPT PACKING pc=0x0000018087aeaa68 sp=0x0000002fb03fcbf0
Event: 88.572 Thread 0x0000018091de63e0 DEOPT UNPACKING pc=0x00000180875869a3 sp=0x0000002fb03fcb98 mode 2
Event: 88.578 Thread 0x0000018091de63e0 Uncommon trap: trap_request=0xffffff45 fr.pc=0x0000018087b42ea8 relative=0x0000000000000608
Event: 88.578 Thread 0x0000018091de63e0 Uncommon trap: reason=unstable_if action=reinterpret pc=0x0000018087b42ea8 method=java.io.File.getName()Ljava/lang/String; @ 16 c2
Event: 88.578 Thread 0x0000018091de63e0 DEOPT PACKING pc=0x0000018087b42ea8 sp=0x0000002fb03fcb90
Event: 88.578 Thread 0x0000018091de63e0 DEOPT UNPACKING pc=0x00000180875869a3 sp=0x0000002fb03fcb60 mode 2

Classes unloaded (0 events):
No events

Classes redefined (0 events):
No events

Internal exceptions (20 events):
Event: 81.192 Thread 0x00000180f41cdfe0 Exception <a 'java/lang/NoSuchMethodError'{0x0000000086d2cc10}: 'java.lang.Object java.lang.invoke.DirectMethodHandle$Holder.invokeInterface(java.lang.Object, java.lang.Object)'> (0x0000000086d2cc10) 
thrown [s\src\hotspot\share\interpreter\linkResolver.cpp, line 771]
Event: 81.570 Thread 0x00000180f41cdfe0 Exception <a 'java/lang/NoSuchMethodError'{0x0000000086829c00}: 'java.lang.Object java.lang.invoke.DirectMethodHandle$Holder.invokeStaticInit(java.lang.Object, int, int, int, int)'> (0x0000000086829c00) 
thrown [s\src\hotspot\share\interpreter\linkResolver.cpp, line 771]
Event: 81.940 Thread 0x00000180f41cdfe0 Exception <a 'java/lang/NoSuchMethodError'{0x00000000868a5100}: 'java.lang.Object java.lang.invoke.DirectMethodHandle$Holder.invokeStaticInit(java.lang.Object, java.lang.Object, int, int, int, int)'> (0x00000000868a5100) 
thrown [s\src\hotspot\share\interpreter\linkResolver.cpp, line 771]
Event: 82.816 Thread 0x00000180f41cdfe0 Exception <a 'java/lang/NoSuchMethodError'{0x00000000867cef50}: 'void java.lang.invoke.DirectMethodHandle$Holder.invokeStatic(java.lang.Object, java.lang.Object, java.lang.Object)'> (0x00000000867cef50) 
thrown [s\src\hotspot\share\interpreter\linkResolver.cpp, line 771]
Event: 82.873 Thread 0x00000180f41cdfe0 Exception <a 'java/io/IOException'{0x00000000866699e8}> (0x00000000866699e8) 
thrown [s\src\hotspot\share\prims\jni.cpp, line 517]
Event: 87.408 Thread 0x0000018091de63e0 Exception <a 'java/lang/NoSuchMethodError'{0x0000000085ecc280}: 'long java.lang.invoke.DirectMethodHandle$Holder.invokeInterface(java.lang.Object, java.lang.Object)'> (0x0000000085ecc280) 
thrown [s\src\hotspot\share\interpreter\linkResolver.cpp, line 771]
Event: 87.421 Thread 0x0000018091de63e0 Exception <a 'java/lang/NoSuchMethodError'{0x0000000085d0e448}: 'java.lang.Object java.lang.invoke.DirectMethodHandle$Holder.invokeVirtual(java.lang.Object, java.lang.Object, java.lang.Object)'> (0x0000000085d0e448) 
thrown [s\src\hotspot\share\interpreter\linkResolver.cpp, line 771]
Event: 87.648 Thread 0x0000018091de63e0 Exception <a 'java/lang/NoSuchMethodError'{0x0000000085968638}: 'java.lang.Object java.lang.invoke.DirectMethodHandle$Holder.newInvokeSpecial(java.lang.Object, java.lang.Object, java.lang.Object, java.lang.Object, java.lang.Object)'> (0x0000000085968638) 
thrown [s\src\hotspot\share\interpreter\linkResolver.cpp, line 771]
Event: 87.737 Thread 0x0000018091de63e0 Exception <a 'java/lang/NoSuchMethodError'{0x000000008570df70}: 'void java.lang.invoke.DirectMethodHandle$Holder.invokeSpecial(java.lang.Object, java.lang.Object, java.lang.Object)'> (0x000000008570df70) 
thrown [s\src\hotspot\share\interpreter\linkResolver.cpp, line 771]
Event: 87.776 Thread 0x0000018091de63e0 Exception <a 'java/lang/NoSuchMethodError'{0x000000008578ee50}: 'java.lang.Object java.lang.invoke.DirectMethodHandle$Holder.newInvokeSpecial(java.lang.Object, java.lang.Object, java.lang.Object, java.lang.Object, java.lang.Object, java.lang.Object)'> (0x000000008578ee50) 
thrown [s\src\hotspot\share\interpreter\linkResolver.cpp, line 771]
Event: 87.780 Thread 0x0000018091de63e0 Exception <a 'java/lang/NoSuchMethodError'{0x000000008579be60}: 'void java.lang.invoke.DirectMethodHandle$Holder.invokeSpecial(java.lang.Object, java.lang.Object, java.lang.Object, java.lang.Object, java.lang.Object)'> (0x000000008579be60) 
thrown [s\src\hotspot\share\interpreter\linkResolver.cpp, line 771]
Event: 87.938 Thread 0x0000018091de63e0 Exception <a 'java/lang/NoSuchMethodError'{0x0000000085426a68}: 'void java.lang.invoke.DelegatingMethodHandle$Holder.reinvoke_L(java.lang.Object, java.lang.Object, java.lang.Object, java.lang.Object, java.lang.Object, java.lang.Object, java.lang.Object, java.lang.Object, java.lang.Object, java.lang.Object, java.lang.Object)'> (0x0000000085426a68) 
thrown [s\src\hotspot\share\interpreter\linkResolver.cpp, line 771]
Event: 87.940 Thread 0x0000018091de63e0 Exception <a 'java/lang/NoSuchMethodError'{0x000000008542f568}: 'java.lang.Object java.lang.invoke.DirectMethodHandle$Holder.invokeSpecial(java.lang.Object, java.lang.Object, java.lang.Object, java.lang.Object, java.lang.Object, java.lang.Object, java.lang.Object, java.lang.Object, java.lang.Object, java.lang.Object, java.lang.Object)'> (0x000000008542f568) 
thrown [s\src\hotspot\share\interpreter\linkResolver.cpp, line 771]
Event: 87.940 Thread 0x0000018091de63e0 Exception <a 'java/lang/NoSuchMethodError'{0x0000000085434030}: 'java.lang.Object java.lang.invoke.Invokers$Holder.invoker(java.lang.Object, java.lang.Object, java.lang.Object, java.lang.Object, java.lang.Object, java.lang.Object, java.lang.Object, java.lang.Object, java.lang.Object, java.lang.Object, java.lang.Object)'> (0x0000000085434030) 
thrown [s\src\hotspot\share\interpreter\linkResolver.cpp, line 771]
Event: 87.941 Thread 0x0000018091de63e0 Exception <a 'java/lang/NoSuchMethodError'{0x0000000085439e28}: 'java.lang.Object java.lang.invoke.DirectMethodHandle$Holder.invokeSpecial(java.lang.Object, java.lang.Object, java.lang.Object, java.lang.Object, java.lang.Object, java.lang.Object, java.lang.Object, java.lang.Object, java.lang.Object, java.lang.Object, java.lang.Object, java.lang.Object)'> (0x0000000085439e28) 
thrown [s\src\hotspot\share\interpreter\linkResolver.cpp, line 771]
Event: 88.001 Thread 0x0000018091de63e0 Exception <a 'java/lang/NoSuchMethodError'{0x0000000085347148}: 'java.lang.Object java.lang.invoke.DirectMethodHandle$Holder.invokeSpecial(java.lang.Object, java.lang.Object, java.lang.Object, java.lang.Object, java.lang.Object, java.lang.Object, java.lang.Object, java.lang.Object, java.lang.Object)'> (0x0000000085347148) 
thrown [s\src\hotspot\share\interpreter\linkResolver.cpp, line 771]
Event: 88.197 Thread 0x0000018091de63e0 Exception <a 'java/lang/NoSuchMethodError'{0x0000000083963da8}: 'void java.lang.invoke.DirectMethodHandle$Holder.invokeStaticInit(java.lang.Object)'> (0x0000000083963da8) 
thrown [s\src\hotspot\share\interpreter\linkResolver.cpp, line 771]
Event: 88.234 Thread 0x0000018091de63e0 Exception <a 'java/lang/NoSuchMethodError'{0x00000000839f7458}: 'java.lang.Object java.lang.invoke.DirectMethodHandle$Holder.newInvokeSpecial(java.lang.Object, java.lang.Object, java.lang.Object, int)'> (0x00000000839f7458) 
thrown [s\src\hotspot\share\interpreter\linkResolver.cpp, line 771]
Event: 88.235 Thread 0x0000018091de63e0 Exception <a 'java/lang/NoSuchMethodError'{0x00000000839fbd88}: 'java.lang.Object java.lang.invoke.DirectMethodHandle$Holder.invokeSpecial(java.lang.Object, java.lang.Object, java.lang.Object, java.lang.Object, int)'> (0x00000000839fbd88) 
thrown [s\src\hotspot\share\interpreter\linkResolver.cpp, line 771]
Event: 88.236 Thread 0x0000018091de63e0 Exception <a 'java/lang/NoSuchMethodError'{0x00000000838000e0}: 'java.lang.Object java.lang.invoke.Invokers$Holder.linkToTargetMethod(java.lang.Object, java.lang.Object, int, java.lang.Object)'> (0x00000000838000e0) 
thrown [s\src\hotspot\share\interpreter\linkResolver.cpp, line 771]

VM Operations (20 events):
Event: 82.812 Executing VM operation: Cleanup
Event: 82.813 Executing VM operation: Cleanup done
Event: 84.535 Executing VM operation: HandshakeAllThreads
Event: 84.535 Executing VM operation: HandshakeAllThreads done
Event: 84.535 Executing VM operation: Cleanup
Event: 84.535 Executing VM operation: Cleanup done
Event: 85.551 Executing VM operation: Cleanup
Event: 85.551 Executing VM operation: Cleanup done
Event: 87.571 Executing VM operation: Cleanup
Event: 87.572 Executing VM operation: Cleanup done
Event: 88.004 Executing VM operation: CollectForMetadataAllocation
Event: 88.045 Executing VM operation: CollectForMetadataAllocation done
Event: 88.100 Executing VM operation: G1Concurrent
Event: 88.105 Executing VM operation: G1Concurrent done
Event: 88.111 Executing VM operation: G1Concurrent
Event: 88.114 Executing VM operation: G1Concurrent done
Event: 88.857 Executing VM operation: HandshakeAllThreads
Event: 88.857 Executing VM operation: HandshakeAllThreads done
Event: 88.858 Executing VM operation: HandshakeAllThreads
Event: 88.858 Executing VM operation: HandshakeAllThreads done

Events (20 events):
Event: 88.243 loading class sun/misc/Unsafe done
Event: 88.386 Thread 0x0000018091de33c0 Thread added: 0x0000018091de33c0
Event: 88.389 loading class java/net/DatagramPacket
Event: 88.390 loading class java/net/DatagramPacket done
Event: 88.395 loading class sun/nio/ch/DatagramSocketAdaptor$DatagramPackets
Event: 88.397 loading class sun/nio/ch/DatagramSocketAdaptor$DatagramPackets done
Event: 88.459 loading class java/lang/Character$CharacterCache
Event: 88.459 loading class java/lang/Character$CharacterCache done
Event: 88.573 loading class java/io/File$TempDirectory
Event: 88.575 loading class java/io/File$TempDirectory done
Event: 88.588 loading class java/io/PrintWriter
Event: 88.589 loading class java/io/PrintWriter done
Event: 88.598 loading class java/io/UncheckedIOException
Event: 88.598 loading class java/io/UncheckedIOException done
Event: 88.817 loading class java/util/zip/CheckedInputStream
Event: 88.818 loading class java/util/zip/CheckedInputStream done
Event: 88.820 loading class java/nio/file/FileVisitor
Event: 88.821 loading class java/nio/file/FileVisitor done
Event: 88.823 loading class java/io/FilenameFilter
Event: 88.824 loading class java/io/FilenameFilter done


Dynamic libraries:
0x00007ff7bf530000 - 0x00007ff7bf53a000 	C:\Users\MalikAdmin\AndroidStudioProjects1\jbr\bin\java.exe
0x00007ff887410000 - 0x00007ff887627000 	C:\WINDOWS\SYSTEM32\ntdll.dll
0x00007ff8866f0000 - 0x00007ff8867b4000 	C:\WINDOWS\System32\KERNEL32.DLL
0x00007ff884cd0000 - 0x00007ff88507c000 	C:\WINDOWS\System32\KERNELBASE.dll
0x00007ff869940000 - 0x00007ff86995b000 	C:\Users\MalikAdmin\AndroidStudioProjects1\jbr\bin\VCRUNTIME140.dll
0x00007ff884740000 - 0x00007ff884851000 	C:\WINDOWS\System32\ucrtbase.dll
0x00007ff86b3a0000 - 0x00007ff86b3b7000 	C:\Users\MalikAdmin\AndroidStudioProjects1\jbr\bin\jli.dll
0x00007ff8861b0000 - 0x00007ff88635e000 	C:\WINDOWS\System32\USER32.dll
0x00007ff885080000 - 0x00007ff8850a6000 	C:\WINDOWS\System32\win32u.dll
0x00007ff8871e0000 - 0x00007ff887209000 	C:\WINDOWS\System32\GDI32.dll
0x00007ff8849c0000 - 0x00007ff884ad9000 	C:\WINDOWS\System32\gdi32full.dll
0x00007ff884860000 - 0x00007ff8848fa000 	C:\WINDOWS\System32\msvcp_win.dll
0x00007ff8598e0000 - 0x00007ff859b73000 	C:\WINDOWS\WinSxS\amd64_microsoft.windows.common-controls_6595b64144ccf1df_6.0.22621.3672_none_2713b9d173822955\COMCTL32.dll
0x00007ff8868d0000 - 0x00007ff886977000 	C:\WINDOWS\System32\msvcrt.dll
0x00007ff885f10000 - 0x00007ff885f41000 	C:\WINDOWS\System32\IMM32.DLL
0x00007ff86bb30000 - 0x00007ff86bb3c000 	C:\Users\MalikAdmin\AndroidStudioProjects1\jbr\bin\vcruntime140_1.dll
0x00007ff803620000 - 0x00007ff8036ad000 	C:\Users\MalikAdmin\AndroidStudioProjects1\jbr\bin\msvcp140.dll
0x00007fffef070000 - 0x00007fffefcde000 	C:\Users\MalikAdmin\AndroidStudioProjects1\jbr\bin\server\jvm.dll
0x00007ff887310000 - 0x00007ff8873c2000 	C:\WINDOWS\System32\ADVAPI32.dll
0x00007ff8867c0000 - 0x00007ff88686a000 	C:\WINDOWS\System32\sechost.dll
0x00007ff8850b0000 - 0x00007ff8850d8000 	C:\WINDOWS\System32\bcrypt.dll
0x00007ff885290000 - 0x00007ff8853a5000 	C:\WINDOWS\System32\RPCRT4.dll
0x00007ff87c060000 - 0x00007ff87c094000 	C:\WINDOWS\SYSTEM32\WINMM.dll
0x00007ff85f6a0000 - 0x00007ff85f6a9000 	C:\WINDOWS\SYSTEM32\WSOCK32.dll
0x00007ff8853e0000 - 0x00007ff885451000 	C:\WINDOWS\System32\WS2_32.dll
0x00007ff86fb50000 - 0x00007ff86fb5a000 	C:\WINDOWS\SYSTEM32\VERSION.dll
0x00007ff883730000 - 0x00007ff883748000 	C:\WINDOWS\SYSTEM32\kernel.appcore.dll
0x00007ff86cd20000 - 0x00007ff86cd2a000 	C:\Users\MalikAdmin\AndroidStudioProjects1\jbr\bin\jimage.dll
0x00007ff87e290000 - 0x00007ff87e4c2000 	C:\WINDOWS\SYSTEM32\DBGHELP.DLL
0x00007ff886360000 - 0x00007ff8866e8000 	C:\WINDOWS\System32\combase.dll
0x00007ff8851b0000 - 0x00007ff885287000 	C:\WINDOWS\System32\OLEAUT32.dll
0x00007ff86e430000 - 0x00007ff86e462000 	C:\WINDOWS\SYSTEM32\dbgcore.DLL
0x00007ff884ae0000 - 0x00007ff884b5b000 	C:\WINDOWS\System32\bcryptPrimitives.dll
0x00007ff86bb60000 - 0x00007ff86bb85000 	C:\Users\MalikAdmin\AndroidStudioProjects1\jbr\bin\java.dll
0x00007ff86bb00000 - 0x00007ff86bb18000 	C:\Users\MalikAdmin\AndroidStudioProjects1\jbr\bin\zip.dll
0x00007ff886980000 - 0x00007ff8871dc000 	C:\WINDOWS\System32\SHELL32.dll
0x00007ff882640000 - 0x00007ff882f37000 	C:\WINDOWS\SYSTEM32\windows.storage.dll
0x00007ff882500000 - 0x00007ff88263f000 	C:\WINDOWS\SYSTEM32\wintypes.dll
0x00007ff887210000 - 0x00007ff887304000 	C:\WINDOWS\System32\SHCORE.dll
0x00007ff886870000 - 0x00007ff8868ce000 	C:\WINDOWS\System32\shlwapi.dll
0x00007ff884670000 - 0x00007ff884691000 	C:\WINDOWS\SYSTEM32\profapi.dll
0x00007ff86b510000 - 0x00007ff86b529000 	C:\Users\MalikAdmin\AndroidStudioProjects1\jbr\bin\net.dll
0x00007ff87d460000 - 0x00007ff87d596000 	C:\WINDOWS\SYSTEM32\WINHTTP.dll
0x00007ff883b90000 - 0x00007ff883bf9000 	C:\WINDOWS\system32\mswsock.dll
0x00007ff86b380000 - 0x00007ff86b396000 	C:\Users\MalikAdmin\AndroidStudioProjects1\jbr\bin\nio.dll
0x00007ff86bc30000 - 0x00007ff86bc40000 	C:\Users\MalikAdmin\AndroidStudioProjects1\jbr\bin\verify.dll
0x00007ff86b290000 - 0x00007ff86b2b7000 	C:\Users\MalikAdmin\.gradle\native\68d5fa5c4cc2d200863cafc0d521ce42e7d3e7ee720ec0a83991735586a16f82\windows-amd64\native-platform.dll
0x00007ff86b690000 - 0x00007ff86b7d4000 	C:\Users\MalikAdmin\.gradle\native\e376f236ea51e6404a007f0833ffe2c6e607c4080706a723a18a27aeea778392\windows-amd64\native-platform-file-events.dll
0x00007ff86b570000 - 0x00007ff86b579000 	C:\Users\MalikAdmin\AndroidStudioProjects1\jbr\bin\management.dll
0x00007ff86b500000 - 0x00007ff86b50b000 	C:\Users\MalikAdmin\AndroidStudioProjects1\jbr\bin\management_ext.dll
0x00007ff8853b0000 - 0x00007ff8853b8000 	C:\WINDOWS\System32\PSAPI.DLL
0x00007ff883ee0000 - 0x00007ff883efb000 	C:\WINDOWS\SYSTEM32\CRYPTSP.dll
0x00007ff883690000 - 0x00007ff8836c5000 	C:\WINDOWS\system32\rsaenh.dll
0x00007ff883c30000 - 0x00007ff883c58000 	C:\WINDOWS\SYSTEM32\USERENV.dll
0x00007ff883ec0000 - 0x00007ff883ecc000 	C:\WINDOWS\SYSTEM32\CRYPTBASE.dll
0x00007ff883190000 - 0x00007ff8831bd000 	C:\WINDOWS\SYSTEM32\IPHLPAPI.DLL
0x00007ff885d50000 - 0x00007ff885d59000 	C:\WINDOWS\System32\NSI.dll
0x00007ff87d120000 - 0x00007ff87d139000 	C:\WINDOWS\SYSTEM32\dhcpcsvc6.DLL
0x00007ff87ced0000 - 0x00007ff87ceef000 	C:\WINDOWS\SYSTEM32\dhcpcsvc.DLL
0x00007ff8831c0000 - 0x00007ff8832b8000 	C:\WINDOWS\SYSTEM32\DNSAPI.dll
0x00007ff860800000 - 0x00007ff860808000 	C:\WINDOWS\system32\wshunix.dll

dbghelp: loaded successfully - version: 4.0.5 - missing functions: none
symbol engine: initialized successfully - sym options: 0x614 - pdb path: .;C:\Users\MalikAdmin\AndroidStudioProjects1\jbr\bin;C:\WINDOWS\SYSTEM32;C:\WINDOWS\WinSxS\amd64_microsoft.windows.common-controls_6595b64144ccf1df_6.0.22621.3672_none_2713b9d173822955;C:\Users\MalikAdmin\AndroidStudioProjects1\jbr\bin\server;C:\Users\MalikAdmin\.gradle\native\68d5fa5c4cc2d200863cafc0d521ce42e7d3e7ee720ec0a83991735586a16f82\windows-amd64;C:\Users\MalikAdmin\.gradle\native\e376f236ea51e6404a007f0833ffe2c6e607c4080706a723a18a27aeea778392\windows-amd64

VM Arguments:
jvm_args: --add-opens=java.base/java.util=ALL-UNNAMED --add-opens=java.base/java.lang=ALL-UNNAMED --add-opens=java.base/java.lang.invoke=ALL-UNNAMED --add-opens=java.prefs/java.util.prefs=ALL-UNNAMED --add-opens=java.base/java.nio.charset=ALL-UNNAMED --add-opens=java.base/java.net=ALL-UNNAMED --add-opens=java.base/java.util.concurrent.atomic=ALL-UNNAMED -Xmx2048m -Dfile.encoding=UTF-8 -Duser.country=US -Duser.language=en -Duser.variant 
java_command: org.gradle.launcher.daemon.bootstrap.GradleDaemon 8.0
java_class_path (initial): C:\Users\MalikAdmin\.gradle\wrapper\dists\gradle-8.0-bin\ca5e32bp14vu59qr306oxotwh\gradle-8.0\lib\gradle-launcher-8.0.jar
Launcher Type: SUN_STANDARD

[Global flags]
     intx CICompilerCount                          = 4                                         {product} {ergonomic}
     uint ConcGCThreads                            = 2                                         {product} {ergonomic}
     uint G1ConcRefinementThreads                  = 8                                         {product} {ergonomic}
   size_t G1HeapRegionSize                         = 1048576                                   {product} {ergonomic}
    uintx GCDrainStackTargetSize                   = 64                                        {product} {ergonomic}
   size_t InitialHeapSize                          = 132120576                                 {product} {ergonomic}
   size_t MarkStackSize                            = 4194304                                   {product} {ergonomic}
   size_t MaxHeapSize                              = 2147483648                                {product} {command line}
   size_t MaxNewSize                               = 1287651328                                {product} {ergonomic}
   size_t MinHeapDeltaBytes                        = 1048576                                   {product} {ergonomic}
   size_t MinHeapSize                              = 8388608                                   {product} {ergonomic}
    uintx NonNMethodCodeHeapSize                   = 5839372                                {pd product} {ergonomic}
    uintx NonProfiledCodeHeapSize                  = 122909434                              {pd product} {ergonomic}
    uintx ProfiledCodeHeapSize                     = 122909434                              {pd product} {ergonomic}
    uintx ReservedCodeCacheSize                    = 251658240                              {pd product} {ergonomic}
     bool SegmentedCodeCache                       = true                                      {product} {ergonomic}
   size_t SoftMaxHeapSize                          = 2147483648                             {manageable} {ergonomic}
     bool UseCompressedClassPointers               = true                           {product lp64_product} {ergonomic}
     bool UseCompressedOops                        = true                           {product lp64_product} {ergonomic}
     bool UseG1GC                                  = true                                      {product} {ergonomic}
     bool UseLargePagesIndividualAllocation        = false                                  {pd product} {ergonomic}

Logging:
Log output configuration:
 #0: stdout all=warning uptime,level,tags
 #1: stderr all=off uptime,level,tags

Environment Variables:
JAVA_HOME=C:\Program Files\Java\jdk-17
PATH=D:\PROGRAMMING\Programming Related\PDC\MPI_BASE\Bin\;C:\Program Files\Common Files\Oracle\Java\javapath;C:\Program Files\Microsoft\jdk-11.0.16.101-hotspot\bin;C:\Program Files (x86)\Common Files\Intel\Shared Libraries\redist\intel64\compiler;C:\Program Files (x86)\Intel\Intel(R) Management Engine Components\iCLS\;C:\Program Files\Intel\Intel(R) Management Engine Components\iCLS\;C:\WINDOWS\system32;C:\WINDOWS;C:\WINDOWS\System32\Wbem;C:\WINDOWS\System32\WindowsPowerShell\v1.0\;C:\WINDOWS\System32\OpenSSH\;C:\Program Files (x86)\Intel\Intel(R) Management Engine Components\DAL;C:\Program Files\Intel\Intel(R) Management Engine Components\DAL;C:\Program Files\Intel\WiFi\bin\;C:\Program Files\Common Files\Intel\WirelessCommon\;C:\msys64\mingw64\bin\;C:\Users\MalikAdmin\AppData\Local\Programs\Python\Python39\Scripts;C:\Program Files\Microsoft SQL Server\Client SDK\ODBC\170\Tools\Binn\;C:\Program Files\dotnet\;C:\ffmpeg\bin\;C:\Program Files\Microsoft\jdk-11.0.16.101-hotspot\bin;C:\Program Files\Java\jdk-17\bin;C:\Program Files\nodejs\;C:\Program Files\Git\cmd;C:\msys64\ucrt64\bin;C:\Users\MalikAdmin\AppData\Local\Microsoft\WindowsApps;C:\Program Files\JetBrains\PyCharm Community Edition 2021.3.2\bin;;C:\Program Files\JetBrains\IntelliJ IDEA Community Edition 2022.1.1\bin;;C:\Users\MalikAdmin\AppData\Local\Programs\Python\Python39;C:\Users\MalikAdmin\AppData\Local\Programs\Python\Python39\Scripts;C:\Users\MalikAdmin\.dotnet\tools;C:\MinGW\bin;D:\Microsoft VS Code\bin;C:\Users\MalikAdmin\AppData\Roaming\npm
USERNAME=IsmaiL
OS=Windows_NT
PROCESSOR_IDENTIFIER=Intel64 Family 6 Model 142 Stepping 11, GenuineIntel
TMP=C:\Users\MALIKA~1\AppData\Local\Temp
TEMP=C:\Users\MALIKA~1\AppData\Local\Temp


JNI global refs:
JNI global refs: 23, weak refs: 1

JNI global refs memory usage: 843, weak refs: 841


---------------  S Y S T E M  ---------------

OS:
 Windows 11 , 64 bit Build 22621 (10.0.22621.3672)
OS uptime: 0 days 13:36 hours
Hyper-V role detected

CPU: total 8 (initial active 8) (4 cores per cpu, 2 threads per core) family 6 model 142 stepping 11 microcode 0xde, cx8, cmov, fxsr, ht, mmx, 3dnowpref, sse, sse2, sse3, ssse3, sse4.1, sse4.2, popcnt, lzcnt, tsc, tscinvbit, avx, avx2, aes, erms, clmul, bmi1, bmi2, adx, fma, vzeroupper, clflush, clflushopt, hv

Memory: 4k page, system-wide physical 8039M (352M free)
TotalPageFile size 32615M (AvailPageFile size 121M)
current process WorkingSet (physical memory assigned to process): 116M, peak: 124M
current process commit charge ("private bytes"): 206M, peak: 250M

vm_info: OpenJDK 64-Bit Server VM (17.0.6+0-b2043.56-10027231) for windows-amd64 JRE (17.0.6+0-b2043.56-10027231), built on Apr 28 2023 00:43:19 by "androidbuild" with MS VC++ 16.10 / 16.11 (VS2019)

END.
