#
# There is insufficient memory for the Java Runtime Environment to continue.
# Native memory allocation (malloc) failed to allocate 32744 bytes for ChunkPool::allocate
# Possible reasons:
#   The system is out of physical RAM or swap space
#   The process is running with CompressedOops enabled, and the Java Heap may be blocking the growth of the native heap
# Possible solutions:
#   Reduce memory load on the system
#   Increase physical memory or swap space
#   Check if swap backing store is full
#   Decrease Java heap size (-Xmx/-Xms)
#   Decrease number of Java threads
#   Decrease Java thread stack sizes (-Xss)
#   Set larger code cache with -XX:ReservedCodeCacheSize=
#   JVM is running with Unscaled Compressed Oops mode in which the Java heap is
#     placed in the first 4GB address space. The Java Heap base address is the
#     maximum limit for the native heap growth. Please use -XX:HeapBaseMinAddress
#     to set the Java Heap base and to place the Java Heap above 4GB virtual address.
# This output file may be truncated or incomplete.
#
#  Out of Memory Error (arena.cpp:78), pid=2260, tid=19292
#
# JRE version: OpenJDK Runtime Environment (17.0.6) (build 17.0.6+0-b2043.56-10027231)
# Java VM: OpenJDK 64-Bit Server VM (17.0.6+0-b2043.56-10027231, mixed mode, tiered, compressed oops, compressed class ptrs, g1 gc, windows-amd64)
# No core dump will be written. Minidumps are not enabled by default on client versions of Windows
#

---------------  S U M M A R Y ------------

Command Line: --add-opens=java.base/java.util=ALL-UNNAMED --add-opens=java.base/java.lang=ALL-UNNAMED --add-opens=java.base/java.lang.invoke=ALL-UNNAMED --add-opens=java.prefs/java.util.prefs=ALL-UNNAMED --add-opens=java.base/java.nio.charset=ALL-UNNAMED --add-opens=java.base/java.net=ALL-UNNAMED --add-opens=java.base/java.util.concurrent.atomic=ALL-UNNAMED -Xmx2048m -Dfile.encoding=UTF-8 -Duser.country=US -Duser.language=en -Duser.variant org.gradle.launcher.daemon.bootstrap.GradleDaemon 8.0

Host: Intel(R) Core(TM) i7-8565U CPU @ 1.80GHz, 8 cores, 7G,  Windows 11 , 64 bit Build 22621 (10.0.22621.3672)
Time: Sun Jun 16 21:44:31 2024 Pakistan Standard Time elapsed time: 67.971155 seconds (0d 0h 1m 7s)

---------------  T H R E A D  ---------------

Current thread (0x00000299af43ac40):  JavaThread "C2 CompilerThread0" daemon [_thread_in_native, id=19292, stack(0x000000caaf300000,0x000000caaf400000)]


Current CompileTask:
C2:  67971 6125   !   4       java.io.BufferedReader::readLine (327 bytes)

Stack: [0x000000caaf300000,0x000000caaf400000]
Native frames: (J=compiled Java code, j=interpreted, Vv=VM code, C=native code)
V  [jvm.dll+0x683c9a]
V  [jvm.dll+0x8427a4]
V  [jvm.dll+0x843f9e]
V  [jvm.dll+0x844603]
V  [jvm.dll+0x249b75]
V  [jvm.dll+0xabecc]
V  [jvm.dll+0xac27c]
V  [jvm.dll+0x11f188]
V  [jvm.dll+0x6ad24b]
V  [jvm.dll+0x1bd184]
V  [jvm.dll+0x21c359]
V  [jvm.dll+0x21b621]
V  [jvm.dll+0x1a4fdd]
V  [jvm.dll+0x22b098]
V  [jvm.dll+0x229159]
V  [jvm.dll+0x7f81ec]
V  [jvm.dll+0x7f274a]
V  [jvm.dll+0x682ad5]
C  [ucrtbase.dll+0x29333]
C  [KERNEL32.DLL+0x1257d]
C  [ntdll.dll+0x5af28]


---------------  P R O C E S S  ---------------

Threads class SMR info:
_java_thread_list=0x00000299b4234ab0, length=124, elements={
0x00000299928edf90, 0x00000299ae9ec250, 0x00000299ae9ed0c0, 0x00000299ae9d5190,
0x00000299ae9d5d40, 0x00000299ae9d68f0, 0x00000299ae9d92b0, 0x00000299af43ac40,
0x00000299af43b540, 0x00000299af4566f0, 0x00000299af5a44d0, 0x00000299af5d6020,
0x00000299b0720fb0, 0x00000299b0aac440, 0x00000299b0145250, 0x00000299b00ae730,
0x00000299af7b6030, 0x00000299af919ef0, 0x00000299af913230, 0x00000299b0f07230,
0x00000299b0f05550, 0x00000299b0f05ef0, 0x00000299b0f05a20, 0x00000299b0f08570,
0x00000299b0f08a40, 0x00000299b0f05080, 0x00000299b0f06890, 0x00000299b0f080a0,
0x00000299b0f06d60, 0x00000299b0f07700, 0x00000299b0f07bd0, 0x00000299b0cfa4e0,
0x00000299b0cfed10, 0x00000299b0cf8330, 0x00000299b0cfa010, 0x00000299b0cfe840,
0x00000299b0cfb350, 0x00000299b0cff1e0, 0x00000299b0cff6b0, 0x00000299b0cfb820,
0x00000299b0cfbcf0, 0x00000299b0cfc1c0, 0x00000299b0cfc690, 0x00000299b0cf9b40,
0x00000299b0cfe370, 0x00000299b0cf9670, 0x00000299b0cfcb60, 0x00000299b0cfd030,
0x00000299b0cfd500, 0x00000299b0cfd9d0, 0x00000299b464ba00, 0x00000299b464e550,
0x00000299b464fd60, 0x00000299b464ea20, 0x00000299b464a6c0, 0x00000299b46510a0,
0x00000299b4651570, 0x00000299b4650700, 0x00000299b464b530, 0x00000299b4651a40,
0x00000299b464c870, 0x00000299b464cd40, 0x00000299b464f3c0, 0x00000299b4650230,
0x00000299b4651f10, 0x00000299b464f890, 0x00000299b464e080, 0x00000299b4650bd0,
0x00000299b464dbb0, 0x00000299b464eef0, 0x00000299b464ab90, 0x00000299b464b060,
0x00000299b464bed0, 0x00000299b464c3a0, 0x00000299b464d210, 0x00000299b464d6e0,
0x00000299b22ee3c0, 0x00000299b22ef700, 0x00000299b22f18b0, 0x00000299b22f0f10,
0x00000299b22ecbb0, 0x00000299b22ea530, 0x00000299b22ed080, 0x00000299b22ee890,
0x00000299b22ebd40, 0x00000299b22efbd0, 0x00000299b22eb870, 0x00000299b22ef230,
0x00000299b22ec6e0, 0x00000299b22eed60, 0x00000299b22f00a0, 0x00000299b22f0570,
0x00000299b22f0a40, 0x00000299b22f13e0, 0x00000299b22ed550, 0x00000299b22ea060,
0x00000299b22eaed0, 0x00000299b22eaa00, 0x00000299b22eb3a0, 0x00000299b22ec210,
0x00000299b22eda20, 0x00000299b22edef0, 0x00000299b40e7310, 0x00000299b40e2610,
0x00000299b40e3480, 0x00000299b40dfac0, 0x00000299b40e5b00, 0x00000299b40e3950,
0x00000299b40e2ae0, 0x00000299b40e2fb0, 0x00000299b40e5fd0, 0x00000299b40e0460,
0x00000299b40e3e20, 0x00000299b40dff90, 0x00000299b40e64a0, 0x00000299b40e42f0,
0x00000299b40e47c0, 0x00000299b40e0930, 0x00000299b40e4c90, 0x00000299b40e5160,
0x00000299b40e0e00, 0x00000299b40e2140, 0x00000299b40e6970, 0x00000299b40e5630
}

Java Threads: ( => current thread )
  0x00000299928edf90 JavaThread "main" [_thread_blocked, id=18708, stack(0x000000caae600000,0x000000caae700000)]
  0x00000299ae9ec250 JavaThread "Reference Handler" daemon [_thread_blocked, id=3564, stack(0x000000caaed00000,0x000000caaee00000)]
  0x00000299ae9ed0c0 JavaThread "Finalizer" daemon [_thread_blocked, id=6588, stack(0x000000caaee00000,0x000000caaef00000)]
  0x00000299ae9d5190 JavaThread "Signal Dispatcher" daemon [_thread_blocked, id=19356, stack(0x000000caaef00000,0x000000caaf000000)]
  0x00000299ae9d5d40 JavaThread "Attach Listener" daemon [_thread_blocked, id=8340, stack(0x000000caaf000000,0x000000caaf100000)]
  0x00000299ae9d68f0 JavaThread "Service Thread" daemon [_thread_blocked, id=5052, stack(0x000000caaf100000,0x000000caaf200000)]
  0x00000299ae9d92b0 JavaThread "Monitor Deflation Thread" daemon [_thread_blocked, id=13548, stack(0x000000caaf200000,0x000000caaf300000)]
=>0x00000299af43ac40 JavaThread "C2 CompilerThread0" daemon [_thread_in_native, id=19292, stack(0x000000caaf300000,0x000000caaf400000)]
  0x00000299af43b540 JavaThread "C1 CompilerThread0" daemon [_thread_blocked, id=21208, stack(0x000000caaf400000,0x000000caaf500000)]
  0x00000299af4566f0 JavaThread "Sweeper thread" daemon [_thread_blocked, id=19788, stack(0x000000caaf500000,0x000000caaf600000)]
  0x00000299af5a44d0 JavaThread "Common-Cleaner" daemon [_thread_blocked, id=9980, stack(0x000000caaf600000,0x000000caaf700000)]
  0x00000299af5d6020 JavaThread "Notification Thread" daemon [_thread_blocked, id=21184, stack(0x000000caaf700000,0x000000caaf800000)]
  0x00000299b0720fb0 JavaThread "Daemon health stats" [_thread_blocked, id=17248, stack(0x000000caafd00000,0x000000caafe00000)]
  0x00000299b0aac440 JavaThread "Incoming local TCP Connector on port 56337" [_thread_in_native, id=20248, stack(0x000000caafe00000,0x000000caaff00000)]
  0x00000299b0145250 JavaThread "Daemon periodic checks" [_thread_blocked, id=15884, stack(0x000000caaff00000,0x000000cab0000000)]
  0x00000299b00ae730 JavaThread "Daemon" [_thread_blocked, id=10944, stack(0x000000cab0100000,0x000000cab0200000)]
  0x00000299af7b6030 JavaThread "Handler for socket connection from /127.0.0.1:56337 to /127.0.0.1:56338" [_thread_in_native, id=1916, stack(0x000000cab0200000,0x000000cab0300000)]
  0x00000299af919ef0 JavaThread "Cancel handler" [_thread_blocked, id=17780, stack(0x000000cab0000000,0x000000cab0100000)]
  0x00000299af913230 JavaThread "Daemon worker" [_thread_in_native, id=18784, stack(0x000000cab0300000,0x000000cab0400000)]
  0x00000299b0f07230 JavaThread "Asynchronous log dispatcher for DefaultDaemonConnection: socket connection from /127.0.0.1:56337 to /127.0.0.1:56338" [_thread_blocked, id=4268, stack(0x000000cab0400000,0x000000cab0500000)]
  0x00000299b0f05550 JavaThread "Stdin handler" [_thread_in_vm, id=16484, stack(0x000000cab0500000,0x000000cab0600000)]
  0x00000299b0f05ef0 JavaThread "Daemon client event forwarder" [_thread_blocked, id=18340, stack(0x000000cab0600000,0x000000cab0700000)]
  0x00000299b0f05a20 JavaThread "Cache worker for journal cache (C:\Users\MalikAdmin\.gradle\caches\journal-1)" [_thread_blocked, id=7752, stack(0x000000cab0b00000,0x000000cab0c00000)]
  0x00000299b0f08570 JavaThread "File lock request listener" [_thread_in_native, id=3420, stack(0x000000cab0c00000,0x000000cab0d00000)]
  0x00000299b0f08a40 JavaThread "Cache worker for file hash cache (C:\Users\MalikAdmin\.gradle\caches\8.0\fileHashes)" [_thread_blocked, id=8240, stack(0x000000cab0d00000,0x000000cab0e00000)]
  0x00000299b0f05080 JavaThread "File watcher server" daemon [_thread_in_native, id=4532, stack(0x000000cab0e00000,0x000000cab0f00000)]
  0x00000299b0f06890 JavaThread "File watcher consumer" daemon [_thread_blocked, id=9524, stack(0x000000cab0f00000,0x000000cab1000000)]
  0x00000299b0f080a0 JavaThread "Cache worker for checksums cache (C:\Users\MalikAdmin\AndroidStudioProjects\AlarmApp\.gradle\8.0\checksums)" [_thread_blocked, id=10428, stack(0x000000cab1000000,0x000000cab1100000)]
  0x00000299b0f06d60 JavaThread "Cache worker for cache directory md-rule (C:\Users\MalikAdmin\.gradle\caches\8.0\md-rule)" [_thread_blocked, id=14684, stack(0x000000cab1100000,0x000000cab1200000)]
  0x00000299b0f07700 JavaThread "Cache worker for file content cache (C:\Users\MalikAdmin\.gradle\caches\8.0\fileContent)" [_thread_blocked, id=12236, stack(0x000000cab1200000,0x000000cab1300000)]
  0x00000299b0f07bd0 JavaThread "Cache worker for file hash cache (C:\Users\MalikAdmin\AndroidStudioProjects\AlarmApp\.gradle\8.0\fileHashes)" [_thread_blocked, id=3336, stack(0x000000cab1300000,0x000000cab1400000)]
  0x00000299b0cfa4e0 JavaThread "Cache worker for cache directory md-supplier (C:\Users\MalikAdmin\.gradle\caches\8.0\md-supplier)" [_thread_blocked, id=9968, stack(0x000000cab1400000,0x000000cab1500000)]
  0x00000299b0cfed10 JavaThread "Cache worker for execution history cache (C:\Users\MalikAdmin\.gradle\caches\8.0\executionHistory)" [_thread_blocked, id=15484, stack(0x000000cab1500000,0x000000cab1600000)]
  0x00000299b0cf8330 JavaThread "jar transforms" [_thread_blocked, id=7004, stack(0x000000cab1600000,0x000000cab1700000)]
  0x00000299b0cfa010 JavaThread "jar transforms Thread 2" [_thread_blocked, id=3780, stack(0x000000cab1700000,0x000000cab1800000)]
  0x00000299b0cfe840 JavaThread "Cache worker for kotlin-dsl (C:\Users\MalikAdmin\.gradle\caches\8.0\kotlin-dsl)" [_thread_blocked, id=19404, stack(0x000000cab1900000,0x000000cab1a00000)]
  0x00000299b0cfb350 JavaThread "jar transforms Thread 3" [_thread_blocked, id=7792, stack(0x000000cab1a00000,0x000000cab1b00000)]
  0x00000299b0cff1e0 JavaThread "jar transforms Thread 4" [_thread_blocked, id=7036, stack(0x000000cab1b00000,0x000000cab1c00000)]
  0x00000299b0cff6b0 JavaThread "Cache worker for dependencies-accessors (C:\Users\MalikAdmin\AndroidStudioProjects\AlarmApp\.gradle\8.0\dependencies-accessors)" [_thread_blocked, id=10064, stack(0x000000cab1c00000,0x000000cab1d00000)]
  0x00000299b0cfb820 JavaThread "Cache worker for Build Output Cleanup Cache (C:\Users\MalikAdmin\AndroidStudioProjects\AlarmApp\.gradle\buildOutputCleanup)" [_thread_blocked, id=4072, stack(0x000000cab1d00000,0x000000cab1e00000)]
  0x00000299b0cfbcf0 JavaThread "jar transforms Thread 5" [_thread_blocked, id=7444, stack(0x000000cab1e00000,0x000000cab1f00000)]
  0x00000299b0cfc1c0 JavaThread "Unconstrained build operations" [_thread_blocked, id=16984, stack(0x000000cab1f00000,0x000000cab2000000)]
  0x00000299b0cfc690 JavaThread "Unconstrained build operations Thread 2" [_thread_blocked, id=19140, stack(0x000000cab2000000,0x000000cab2100000)]
  0x00000299b0cf9b40 JavaThread "Unconstrained build operations Thread 3" [_thread_blocked, id=19540, stack(0x000000cab2100000,0x000000cab2200000)]
  0x00000299b0cfe370 JavaThread "Unconstrained build operations Thread 4" [_thread_blocked, id=18976, stack(0x000000cab2200000,0x000000cab2300000)]
  0x00000299b0cf9670 JavaThread "Unconstrained build operations Thread 5" [_thread_blocked, id=19816, stack(0x000000cab2300000,0x000000cab2400000)]
  0x00000299b0cfcb60 JavaThread "Unconstrained build operations Thread 6" [_thread_blocked, id=2512, stack(0x000000cab2400000,0x000000cab2500000)]
  0x00000299b0cfd030 JavaThread "Unconstrained build operations Thread 7" [_thread_blocked, id=9320, stack(0x000000cab2500000,0x000000cab2600000)]
  0x00000299b0cfd500 JavaThread "Unconstrained build operations Thread 8" [_thread_blocked, id=5200, stack(0x000000cab2600000,0x000000cab2700000)]
  0x00000299b0cfd9d0 JavaThread "Unconstrained build operations Thread 9" [_thread_blocked, id=5612, stack(0x000000cab2700000,0x000000cab2800000)]
  0x00000299b464ba00 JavaThread "Unconstrained build operations Thread 10" [_thread_blocked, id=19196, stack(0x000000cab2800000,0x000000cab2900000)]
  0x00000299b464e550 JavaThread "Unconstrained build operations Thread 11" [_thread_blocked, id=9596, stack(0x000000cab2900000,0x000000cab2a00000)]
  0x00000299b464fd60 JavaThread "Unconstrained build operations Thread 12" [_thread_blocked, id=2308, stack(0x000000cab2a00000,0x000000cab2b00000)]
  0x00000299b464ea20 JavaThread "Unconstrained build operations Thread 13" [_thread_blocked, id=21064, stack(0x000000cab2b00000,0x000000cab2c00000)]
  0x00000299b464a6c0 JavaThread "Unconstrained build operations Thread 14" [_thread_blocked, id=16188, stack(0x000000cab2c00000,0x000000cab2d00000)]
  0x00000299b46510a0 JavaThread "Unconstrained build operations Thread 15" [_thread_blocked, id=20792, stack(0x000000cab2d00000,0x000000cab2e00000)]
  0x00000299b4651570 JavaThread "Unconstrained build operations Thread 16" [_thread_blocked, id=11016, stack(0x000000cab2e00000,0x000000cab2f00000)]
  0x00000299b4650700 JavaThread "Unconstrained build operations Thread 17" [_thread_blocked, id=13624, stack(0x000000cab2f00000,0x000000cab3000000)]
  0x00000299b464b530 JavaThread "Unconstrained build operations Thread 18" [_thread_blocked, id=19812, stack(0x000000cab3000000,0x000000cab3100000)]
  0x00000299b4651a40 JavaThread "Unconstrained build operations Thread 19" [_thread_blocked, id=17024, stack(0x000000cab3100000,0x000000cab3200000)]
  0x00000299b464c870 JavaThread "Unconstrained build operations Thread 20" [_thread_blocked, id=16568, stack(0x000000cab3200000,0x000000cab3300000)]
  0x00000299b464cd40 JavaThread "Unconstrained build operations Thread 21" [_thread_blocked, id=3640, stack(0x000000cab3300000,0x000000cab3400000)]
  0x00000299b464f3c0 JavaThread "Unconstrained build operations Thread 22" [_thread_blocked, id=3124, stack(0x000000cab3400000,0x000000cab3500000)]
  0x00000299b4650230 JavaThread "Unconstrained build operations Thread 23" [_thread_blocked, id=7356, stack(0x000000cab3500000,0x000000cab3600000)]
  0x00000299b4651f10 JavaThread "Unconstrained build operations Thread 24" [_thread_blocked, id=14708, stack(0x000000cab3600000,0x000000cab3700000)]
  0x00000299b464f890 JavaThread "Unconstrained build operations Thread 25" [_thread_blocked, id=9236, stack(0x000000cab3700000,0x000000cab3800000)]
  0x00000299b464e080 JavaThread "Unconstrained build operations Thread 26" [_thread_blocked, id=20848, stack(0x000000cab3800000,0x000000cab3900000)]
  0x00000299b4650bd0 JavaThread "Unconstrained build operations Thread 27" [_thread_blocked, id=18364, stack(0x000000cab3900000,0x000000cab3a00000)]
  0x00000299b464dbb0 JavaThread "Unconstrained build operations Thread 28" [_thread_blocked, id=20272, stack(0x000000cab3a00000,0x000000cab3b00000)]
  0x00000299b464eef0 JavaThread "Unconstrained build operations Thread 29" [_thread_blocked, id=13028, stack(0x000000cab3b00000,0x000000cab3c00000)]
  0x00000299b464ab90 JavaThread "Unconstrained build operations Thread 30" [_thread_blocked, id=2132, stack(0x000000cab3c00000,0x000000cab3d00000)]
  0x00000299b464b060 JavaThread "Unconstrained build operations Thread 31" [_thread_blocked, id=9972, stack(0x000000cab3d00000,0x000000cab3e00000)]
  0x00000299b464bed0 JavaThread "Unconstrained build operations Thread 32" [_thread_blocked, id=5460, stack(0x000000cab3e00000,0x000000cab3f00000)]
  0x00000299b464c3a0 JavaThread "Unconstrained build operations Thread 33" [_thread_blocked, id=8572, stack(0x000000cab3f00000,0x000000cab4000000)]
  0x00000299b464d210 JavaThread "Unconstrained build operations Thread 34" [_thread_blocked, id=12208, stack(0x000000cab4000000,0x000000cab4100000)]
  0x00000299b464d6e0 JavaThread "Unconstrained build operations Thread 35" [_thread_blocked, id=17344, stack(0x000000cab4100000,0x000000cab4200000)]
  0x00000299b22ee3c0 JavaThread "Unconstrained build operations Thread 36" [_thread_blocked, id=16988, stack(0x000000cab4200000,0x000000cab4300000)]
  0x00000299b22ef700 JavaThread "Unconstrained build operations Thread 37" [_thread_blocked, id=8076, stack(0x000000cab4300000,0x000000cab4400000)]
  0x00000299b22f18b0 JavaThread "Unconstrained build operations Thread 38" [_thread_blocked, id=4732, stack(0x000000cab4400000,0x000000cab4500000)]
  0x00000299b22f0f10 JavaThread "Unconstrained build operations Thread 39" [_thread_blocked, id=14312, stack(0x000000cab4500000,0x000000cab4600000)]
  0x00000299b22ecbb0 JavaThread "Unconstrained build operations Thread 40" [_thread_blocked, id=11952, stack(0x000000cab4600000,0x000000cab4700000)]
  0x00000299b22ea530 JavaThread "Unconstrained build operations Thread 41" [_thread_blocked, id=10164, stack(0x000000cab4700000,0x000000cab4800000)]
  0x00000299b22ed080 JavaThread "Unconstrained build operations Thread 42" [_thread_blocked, id=12252, stack(0x000000cab4800000,0x000000cab4900000)]
  0x00000299b22ee890 JavaThread "Unconstrained build operations Thread 43" [_thread_blocked, id=2144, stack(0x000000cab4900000,0x000000cab4a00000)]
  0x00000299b22ebd40 JavaThread "Unconstrained build operations Thread 44" [_thread_blocked, id=10212, stack(0x000000cab4a00000,0x000000cab4b00000)]
  0x00000299b22efbd0 JavaThread "Unconstrained build operations Thread 45" [_thread_blocked, id=13888, stack(0x000000cab4b00000,0x000000cab4c00000)]
  0x00000299b22eb870 JavaThread "Unconstrained build operations Thread 46" [_thread_blocked, id=14016, stack(0x000000cab4c00000,0x000000cab4d00000)]
  0x00000299b22ef230 JavaThread "Unconstrained build operations Thread 47" [_thread_blocked, id=1696, stack(0x000000cab4d00000,0x000000cab4e00000)]
  0x00000299b22ec6e0 JavaThread "Unconstrained build operations Thread 48" [_thread_blocked, id=9500, stack(0x000000cab4e00000,0x000000cab4f00000)]
  0x00000299b22eed60 JavaThread "Unconstrained build operations Thread 49" [_thread_blocked, id=6668, stack(0x000000cab4f00000,0x000000cab5000000)]
  0x00000299b22f00a0 JavaThread "Unconstrained build operations Thread 50" [_thread_blocked, id=7384, stack(0x000000cab5000000,0x000000cab5100000)]
  0x00000299b22f0570 JavaThread "Unconstrained build operations Thread 51" [_thread_blocked, id=5840, stack(0x000000cab5100000,0x000000cab5200000)]
  0x00000299b22f0a40 JavaThread "Unconstrained build operations Thread 52" [_thread_blocked, id=3436, stack(0x000000cab5200000,0x000000cab5300000)]
  0x00000299b22f13e0 JavaThread "Unconstrained build operations Thread 53" [_thread_blocked, id=17380, stack(0x000000cab5300000,0x000000cab5400000)]
  0x00000299b22ed550 JavaThread "Unconstrained build operations Thread 54" [_thread_blocked, id=11340, stack(0x000000cab5400000,0x000000cab5500000)]
  0x00000299b22ea060 JavaThread "Unconstrained build operations Thread 55" [_thread_blocked, id=11904, stack(0x000000cab5500000,0x000000cab5600000)]
  0x00000299b22eaed0 JavaThread "Unconstrained build operations Thread 56" [_thread_blocked, id=2668, stack(0x000000cab5600000,0x000000cab5700000)]
  0x00000299b22eaa00 JavaThread "Unconstrained build operations Thread 57" [_thread_blocked, id=7628, stack(0x000000cab5700000,0x000000cab5800000)]
  0x00000299b22eb3a0 JavaThread "Unconstrained build operations Thread 58" [_thread_blocked, id=20520, stack(0x000000cab5800000,0x000000cab5900000)]
  0x00000299b22ec210 JavaThread "Unconstrained build operations Thread 59" [_thread_blocked, id=20860, stack(0x000000cab5900000,0x000000cab5a00000)]
  0x00000299b22eda20 JavaThread "Unconstrained build operations Thread 60" [_thread_blocked, id=18980, stack(0x000000cab5a00000,0x000000cab5b00000)]
  0x00000299b22edef0 JavaThread "Unconstrained build operations Thread 61" [_thread_blocked, id=10280, stack(0x000000cab5b00000,0x000000cab5c00000)]
  0x00000299b40e7310 JavaThread "Unconstrained build operations Thread 62" [_thread_blocked, id=15732, stack(0x000000cab5c00000,0x000000cab5d00000)]
  0x00000299b40e2610 JavaThread "Unconstrained build operations Thread 63" [_thread_blocked, id=14604, stack(0x000000cab5d00000,0x000000cab5e00000)]
  0x00000299b40e3480 JavaThread "Unconstrained build operations Thread 64" [_thread_blocked, id=11092, stack(0x000000cab5e00000,0x000000cab5f00000)]
  0x00000299b40dfac0 JavaThread "Unconstrained build operations Thread 65" [_thread_blocked, id=14408, stack(0x000000cab5f00000,0x000000cab6000000)]
  0x00000299b40e5b00 JavaThread "Unconstrained build operations Thread 66" [_thread_blocked, id=2760, stack(0x000000cab6000000,0x000000cab6100000)]
  0x00000299b40e3950 JavaThread "Unconstrained build operations Thread 67" [_thread_blocked, id=4800, stack(0x000000cab6100000,0x000000cab6200000)]
  0x00000299b40e2ae0 JavaThread "Unconstrained build operations Thread 68" [_thread_blocked, id=2672, stack(0x000000cab6200000,0x000000cab6300000)]
  0x00000299b40e2fb0 JavaThread "Unconstrained build operations Thread 69" [_thread_blocked, id=16572, stack(0x000000cab6300000,0x000000cab6400000)]
  0x00000299b40e5fd0 JavaThread "Unconstrained build operations Thread 70" [_thread_blocked, id=7292, stack(0x000000cab6400000,0x000000cab6500000)]
  0x00000299b40e0460 JavaThread "Unconstrained build operations Thread 71" [_thread_blocked, id=2396, stack(0x000000cab6500000,0x000000cab6600000)]
  0x00000299b40e3e20 JavaThread "Unconstrained build operations Thread 72" [_thread_blocked, id=5312, stack(0x000000cab6600000,0x000000cab6700000)]
  0x00000299b40dff90 JavaThread "Unconstrained build operations Thread 73" [_thread_blocked, id=7636, stack(0x000000cab6700000,0x000000cab6800000)]
  0x00000299b40e64a0 JavaThread "Unconstrained build operations Thread 74" [_thread_blocked, id=3956, stack(0x000000cab6800000,0x000000cab6900000)]
  0x00000299b40e42f0 JavaThread "Unconstrained build operations Thread 75" [_thread_blocked, id=15860, stack(0x000000cab6900000,0x000000cab6a00000)]
  0x00000299b40e47c0 JavaThread "Unconstrained build operations Thread 76" [_thread_blocked, id=15248, stack(0x000000cab6a00000,0x000000cab6b00000)]
  0x00000299b40e0930 JavaThread "Unconstrained build operations Thread 77" [_thread_blocked, id=5228, stack(0x000000cab6b00000,0x000000cab6c00000)]
  0x00000299b40e4c90 JavaThread "Unconstrained build operations Thread 78" [_thread_blocked, id=8448, stack(0x000000cab6c00000,0x000000cab6d00000)]
  0x00000299b40e5160 JavaThread "Unconstrained build operations Thread 79" [_thread_blocked, id=11808, stack(0x000000cab6d00000,0x000000cab6e00000)]
  0x00000299b40e0e00 JavaThread "Unconstrained build operations Thread 80" [_thread_blocked, id=11012, stack(0x000000cab6e00000,0x000000cab6f00000)]
  0x00000299b40e2140 JavaThread "jar transforms Thread 6" [_thread_blocked, id=20020, stack(0x000000cab6f00000,0x000000cab7000000)]
  0x00000299b40e6970 JavaThread "jar transforms Thread 7" [_thread_blocked, id=16688, stack(0x000000cab7000000,0x000000cab7100000)]
  0x00000299b40e5630 JavaThread "jar transforms Thread 8" [_thread_blocked, id=12688, stack(0x000000cab7100000,0x000000cab7200000)]

Other Threads:
  0x00000299af413330 VMThread "VM Thread" [stack: 0x000000caaec00000,0x000000caaed00000] [id=17720]
  0x0000029994bf4c10 WatcherThread [stack: 0x000000caaf800000,0x000000caaf900000] [id=14388]
  0x0000029994bdcd60 GCTaskThread "GC Thread#0" [stack: 0x000000caae700000,0x000000caae800000] [id=19848]
  0x00000299b0187090 GCTaskThread "GC Thread#1" [stack: 0x000000caaf900000,0x000000caafa00000] [id=8752]
  0x00000299afdcd4d0 GCTaskThread "GC Thread#2" [stack: 0x000000caafa00000,0x000000caafb00000] [id=20384]
  0x00000299b0179810 GCTaskThread "GC Thread#3" [stack: 0x000000caafb00000,0x000000caafc00000] [id=20236]
  0x00000299b0cf5d70 GCTaskThread "GC Thread#4" [stack: 0x000000caafc00000,0x000000caafd00000] [id=20936]
  0x00000299b01523d0 GCTaskThread "GC Thread#5" [stack: 0x000000cab0700000,0x000000cab0800000] [id=14956]
  0x00000299b0f3d860 GCTaskThread "GC Thread#6" [stack: 0x000000cab0800000,0x000000cab0900000] [id=2804]
  0x00000299b0f3db10 GCTaskThread "GC Thread#7" [stack: 0x000000cab0900000,0x000000cab0a00000] [id=8612]
  0x0000029994bedca0 ConcurrentGCThread "G1 Main Marker" [stack: 0x000000caae800000,0x000000caae900000] [id=13640]
  0x0000029994beee50 ConcurrentGCThread "G1 Conc#0" [stack: 0x000000caae900000,0x000000caaea00000] [id=10988]
  0x00000299b0d8d710 ConcurrentGCThread "G1 Conc#1" [stack: 0x000000cab0a00000,0x000000cab0b00000] [id=12568]
  0x0000029994c3e3d0 ConcurrentGCThread "G1 Refine#0" [stack: 0x000000caaea00000,0x000000caaeb00000] [id=19932]
  0x00000299b18a6b10 ConcurrentGCThread "G1 Refine#1" [stack: 0x000000cab1800000,0x000000cab1900000] [id=8408]
  0x00000299ae82a100 ConcurrentGCThread "G1 Service" [stack: 0x000000caaeb00000,0x000000caaec00000] [id=21416]

Threads with active compile tasks:
C2 CompilerThread0    68101 6125   !   4       java.io.BufferedReader::readLine (327 bytes)

VM state: not at safepoint (normal execution)

VM Mutex/Monitor currently owned by a thread: None

Heap address: 0x0000000080000000, size: 2048 MB, Compressed Oops mode: 32-bit

CDS archive(s) not mapped
Compressed class space mapped at: 0x0000000100000000-0x0000000140000000, reserved size: 1073741824
Narrow klass base: 0x0000000000000000, Narrow klass shift: 3, Narrow klass range: 0x140000000

GC Precious Log:
 CPUs: 8 total, 8 available
 Memory: 8039M
 Large Page Support: Disabled
 NUMA Support: Disabled
 Compressed Oops: Enabled (32-bit)
 Heap Region Size: 1M
 Heap Min Capacity: 8M
 Heap Initial Capacity: 126M
 Heap Max Capacity: 2G
 Pre-touch: Disabled
 Parallel Workers: 8
 Concurrent Workers: 2
 Concurrent Refinement Workers: 8
 Periodic GC: Disabled

Heap:
 garbage-first heap   total 75776K, used 59041K [0x0000000080000000, 0x0000000100000000)
  region size 1024K, 10 young (10240K), 1 survivors (1024K)
 Metaspace       used 53709K, committed 54208K, reserved 1097728K
  class space    used 7168K, committed 7360K, reserved 1048576K

Heap Regions: E=young(eden), S=young(survivor), O=old, HS=humongous(starts), HC=humongous(continues), CS=collection set, F=free, OA=open archive, CA=closed archive, TAMS=top-at-mark-start (previous, next)
|   0|0x0000000080000000, 0x0000000080100000, 0x0000000080100000|100%|HS|  |TAMS 0x0000000080100000, 0x0000000080000000| Complete 
|   1|0x0000000080100000, 0x0000000080200000, 0x0000000080200000|100%|HC|  |TAMS 0x0000000080200000, 0x0000000080100000| Complete 
|   2|0x0000000080200000, 0x0000000080300000, 0x0000000080300000|100%|HC|  |TAMS 0x0000000080300000, 0x0000000080200000| Complete 
|   3|0x0000000080300000, 0x0000000080400000, 0x0000000080400000|100%|HC|  |TAMS 0x0000000080400000, 0x0000000080300000| Complete 
|   4|0x0000000080400000, 0x0000000080500000, 0x0000000080500000|100%| O|  |TAMS 0x0000000080500000, 0x0000000080400000| Untracked 
|   5|0x0000000080500000, 0x0000000080600000, 0x0000000080600000|100%| O|  |TAMS 0x0000000080600000, 0x0000000080500000| Untracked 
|   6|0x0000000080600000, 0x0000000080700000, 0x0000000080700000|100%| O|  |TAMS 0x0000000080700000, 0x0000000080600000| Untracked 
|   7|0x0000000080700000, 0x0000000080800000, 0x0000000080800000|100%| O|  |TAMS 0x0000000080800000, 0x0000000080700000| Untracked 
|   8|0x0000000080800000, 0x0000000080900000, 0x0000000080900000|100%| O|  |TAMS 0x0000000080900000, 0x0000000080800000| Untracked 
|   9|0x0000000080900000, 0x0000000080a00000, 0x0000000080a00000|100%| O|  |TAMS 0x0000000080a00000, 0x0000000080900000| Untracked 
|  10|0x0000000080a00000, 0x0000000080b00000, 0x0000000080b00000|100%| O|  |TAMS 0x0000000080b00000, 0x0000000080a00000| Untracked 
|  11|0x0000000080b00000, 0x0000000080b35600, 0x0000000080c00000| 20%| O|  |TAMS 0x0000000080b35600, 0x0000000080b00000| Complete 
|  12|0x0000000080c00000, 0x0000000080d00000, 0x0000000080d00000|100%| O|  |TAMS 0x0000000080d00000, 0x0000000080c00000| Untracked 
|  13|0x0000000080d00000, 0x0000000080e00000, 0x0000000080e00000|100%| O|  |TAMS 0x0000000080e00000, 0x0000000080d00000| Untracked 
|  14|0x0000000080e00000, 0x0000000080f00000, 0x0000000080f00000|100%| O|  |TAMS 0x0000000080f00000, 0x0000000080e00000| Untracked 
|  15|0x0000000080f00000, 0x0000000081000000, 0x0000000081000000|100%| O|  |TAMS 0x0000000081000000, 0x0000000080f00000| Untracked 
|  16|0x0000000081000000, 0x0000000081100000, 0x0000000081100000|100%| O|  |TAMS 0x0000000081100000, 0x0000000081000000| Untracked 
|  17|0x0000000081100000, 0x0000000081200000, 0x0000000081200000|100%| O|  |TAMS 0x0000000081200000, 0x0000000081100000| Untracked 
|  18|0x0000000081200000, 0x0000000081300000, 0x0000000081300000|100%| O|  |TAMS 0x0000000081300000, 0x0000000081200000| Untracked 
|  19|0x0000000081300000, 0x0000000081400000, 0x0000000081400000|100%| O|  |TAMS 0x0000000081400000, 0x0000000081300000| Untracked 
|  20|0x0000000081400000, 0x0000000081500000, 0x0000000081500000|100%| O|  |TAMS 0x0000000081500000, 0x0000000081400000| Untracked 
|  21|0x0000000081500000, 0x0000000081600000, 0x0000000081600000|100%| O|  |TAMS 0x0000000081600000, 0x0000000081500000| Untracked 
|  22|0x0000000081600000, 0x0000000081700000, 0x0000000081700000|100%| O|  |TAMS 0x0000000081700000, 0x0000000081600000| Untracked 
|  23|0x0000000081700000, 0x0000000081800000, 0x0000000081800000|100%| O|  |TAMS 0x0000000081800000, 0x0000000081700000| Untracked 
|  24|0x0000000081800000, 0x0000000081900000, 0x0000000081900000|100%| O|  |TAMS 0x0000000081900000, 0x0000000081800000| Untracked 
|  25|0x0000000081900000, 0x0000000081a00000, 0x0000000081a00000|100%| O|  |TAMS 0x0000000081a00000, 0x0000000081900000| Untracked 
|  26|0x0000000081a00000, 0x0000000081b00000, 0x0000000081b00000|100%| O|  |TAMS 0x0000000081b00000, 0x0000000081a00000| Untracked 
|  27|0x0000000081b00000, 0x0000000081c00000, 0x0000000081c00000|100%| O|  |TAMS 0x0000000081c00000, 0x0000000081b00000| Untracked 
|  28|0x0000000081c00000, 0x0000000081d00000, 0x0000000081d00000|100%| O|  |TAMS 0x0000000081d00000, 0x0000000081c00000| Untracked 
|  29|0x0000000081d00000, 0x0000000081e00000, 0x0000000081e00000|100%| O|  |TAMS 0x0000000081e00000, 0x0000000081d00000| Untracked 
|  30|0x0000000081e00000, 0x0000000081f00000, 0x0000000081f00000|100%| O|  |TAMS 0x0000000081f00000, 0x0000000081e00000| Untracked 
|  31|0x0000000081f00000, 0x0000000082000000, 0x0000000082000000|100%| O|  |TAMS 0x0000000082000000, 0x0000000081f00000| Untracked 
|  32|0x0000000082000000, 0x0000000082100000, 0x0000000082100000|100%| O|  |TAMS 0x0000000082100000, 0x0000000082000000| Untracked 
|  33|0x0000000082100000, 0x0000000082200000, 0x0000000082200000|100%| O|  |TAMS 0x0000000082200000, 0x0000000082100000| Untracked 
|  34|0x0000000082200000, 0x0000000082300000, 0x0000000082300000|100%| O|  |TAMS 0x0000000082300000, 0x0000000082200000| Untracked 
|  35|0x0000000082300000, 0x0000000082400000, 0x0000000082400000|100%| O|  |TAMS 0x0000000082400000, 0x0000000082300000| Untracked 
|  36|0x0000000082400000, 0x0000000082500000, 0x0000000082500000|100%| O|  |TAMS 0x0000000082500000, 0x0000000082400000| Untracked 
|  37|0x0000000082500000, 0x0000000082600000, 0x0000000082600000|100%| O|  |TAMS 0x0000000082600000, 0x0000000082500000| Complete 
|  38|0x0000000082600000, 0x0000000082700000, 0x0000000082700000|100%| O|  |TAMS 0x0000000082627c00, 0x0000000082600000| Untracked 
|  39|0x0000000082700000, 0x0000000082800000, 0x0000000082800000|100%| O|  |TAMS 0x0000000082700000, 0x0000000082700000| Untracked 
|  40|0x0000000082800000, 0x00000000828e9400, 0x0000000082900000| 91%| O|  |TAMS 0x0000000082800000, 0x0000000082800000| Untracked 
|  41|0x0000000082900000, 0x0000000082a00000, 0x0000000082a00000|100%|HS|  |TAMS 0x0000000082900000, 0x0000000082900000| Complete 
|  42|0x0000000082a00000, 0x0000000082b00000, 0x0000000082b00000|100%|HS|  |TAMS 0x0000000082a00000, 0x0000000082a00000| Complete 
|  43|0x0000000082b00000, 0x0000000082c00000, 0x0000000082c00000|100%|HS|  |TAMS 0x0000000082b00000, 0x0000000082b00000| Complete 
|  44|0x0000000082c00000, 0x0000000082d00000, 0x0000000082d00000|100%|HS|  |TAMS 0x0000000082c00000, 0x0000000082c00000| Complete 
|  45|0x0000000082d00000, 0x0000000082e00000, 0x0000000082e00000|100%|HC|  |TAMS 0x0000000082d00000, 0x0000000082d00000| Complete 
|  46|0x0000000082e00000, 0x0000000082f00000, 0x0000000082f00000|100%|HS|  |TAMS 0x0000000082e00000, 0x0000000082e00000| Complete 
|  47|0x0000000082f00000, 0x0000000083000000, 0x0000000083000000|100%|HC|  |TAMS 0x0000000082f00000, 0x0000000082f00000| Complete 
|  48|0x0000000083000000, 0x0000000083100000, 0x0000000083100000|100%|HC|  |TAMS 0x0000000083000000, 0x0000000083000000| Complete 
|  49|0x0000000083100000, 0x0000000083200000, 0x0000000083200000|100%|HC|  |TAMS 0x0000000083100000, 0x0000000083100000| Complete 
|  50|0x0000000083200000, 0x0000000083300000, 0x0000000083300000|100%|HS|  |TAMS 0x0000000083200000, 0x0000000083200000| Complete 
|  51|0x0000000083300000, 0x0000000083300000, 0x0000000083400000|  0%| F|  |TAMS 0x0000000083300000, 0x0000000083300000| Untracked 
|  52|0x0000000083400000, 0x0000000083400000, 0x0000000083500000|  0%| F|  |TAMS 0x0000000083400000, 0x0000000083400000| Untracked 
|  53|0x0000000083500000, 0x0000000083500000, 0x0000000083600000|  0%| F|  |TAMS 0x0000000083500000, 0x0000000083500000| Untracked 
|  54|0x0000000083600000, 0x0000000083600000, 0x0000000083700000|  0%| F|  |TAMS 0x0000000083600000, 0x0000000083600000| Untracked 
|  55|0x0000000083700000, 0x0000000083700000, 0x0000000083800000|  0%| F|  |TAMS 0x0000000083700000, 0x0000000083700000| Untracked 
|  56|0x0000000083800000, 0x0000000083800000, 0x0000000083900000|  0%| F|  |TAMS 0x0000000083800000, 0x0000000083800000| Untracked 
|  57|0x0000000083900000, 0x0000000083900000, 0x0000000083a00000|  0%| F|  |TAMS 0x0000000083900000, 0x0000000083900000| Untracked 
|  58|0x0000000083a00000, 0x0000000083a00000, 0x0000000083b00000|  0%| F|  |TAMS 0x0000000083a00000, 0x0000000083a00000| Untracked 
|  59|0x0000000083b00000, 0x0000000083b00000, 0x0000000083c00000|  0%| F|  |TAMS 0x0000000083b00000, 0x0000000083b00000| Untracked 
|  60|0x0000000083c00000, 0x0000000083c00000, 0x0000000083d00000|  0%| F|  |TAMS 0x0000000083c00000, 0x0000000083c00000| Untracked 
|  61|0x0000000083d00000, 0x0000000083d00000, 0x0000000083e00000|  0%| F|  |TAMS 0x0000000083d00000, 0x0000000083d00000| Untracked 
|  62|0x0000000083e00000, 0x0000000083e00000, 0x0000000083f00000|  0%| F|  |TAMS 0x0000000083e00000, 0x0000000083e00000| Untracked 
|  63|0x0000000083f00000, 0x0000000083f00000, 0x0000000084000000|  0%| F|  |TAMS 0x0000000083f00000, 0x0000000083f00000| Untracked 
|  64|0x0000000084000000, 0x00000000840f37c8, 0x0000000084100000| 95%| E|  |TAMS 0x0000000084000000, 0x0000000084000000| Complete 
|  76|0x0000000084c00000, 0x0000000084d00000, 0x0000000084d00000|100%| E|CS|TAMS 0x0000000084c00000, 0x0000000084c00000| Complete 
|  77|0x0000000084d00000, 0x0000000084e00000, 0x0000000084e00000|100%| E|CS|TAMS 0x0000000084d00000, 0x0000000084d00000| Complete 
|  78|0x0000000084e00000, 0x0000000084f00000, 0x0000000084f00000|100%| E|  |TAMS 0x0000000084e00000, 0x0000000084e00000| Complete 
|  79|0x0000000084f00000, 0x0000000085000000, 0x0000000085000000|100%| E|CS|TAMS 0x0000000084f00000, 0x0000000084f00000| Complete 
|  80|0x0000000085000000, 0x0000000085089b40, 0x0000000085100000| 53%| S|CS|TAMS 0x0000000085000000, 0x0000000085000000| Complete 
|  81|0x0000000085100000, 0x0000000085200000, 0x0000000085200000|100%| E|CS|TAMS 0x0000000085100000, 0x0000000085100000| Complete 
|  82|0x0000000085200000, 0x0000000085300000, 0x0000000085300000|100%| E|CS|TAMS 0x0000000085200000, 0x0000000085200000| Complete 
|  83|0x0000000085300000, 0x0000000085400000, 0x0000000085400000|100%| E|CS|TAMS 0x0000000085300000, 0x0000000085300000| Complete 
| 125|0x0000000087d00000, 0x0000000087e00000, 0x0000000087e00000|100%| E|CS|TAMS 0x0000000087d00000, 0x0000000087d00000| Complete 

Card table byte_map: [0x00000299a7770000,0x00000299a7b70000] _byte_map_base: 0x00000299a7370000

Marking Bits (Prev, Next): (CMBitMap*) 0x0000029994bdd3b0, (CMBitMap*) 0x0000029994bdd370
 Prev Bits: [0x00000299a9f70000, 0x00000299abf70000)
 Next Bits: [0x00000299a7f70000, 0x00000299a9f70000)

Polling page: 0x0000029992ab0000

Metaspace:

Usage:
  Non-class:     45.45 MB used.
      Class:      7.00 MB used.
       Both:     52.45 MB used.

Virtual space:
  Non-class space:       48.00 MB reserved,      45.75 MB ( 95%) committed,  6 nodes.
      Class space:        1.00 GB reserved,       7.19 MB ( <1%) committed,  1 nodes.
             Both:        1.05 GB reserved,      52.94 MB (  5%) committed. 

Chunk freelists:
   Non-Class:  2.29 MB
       Class:  778.00 KB
        Both:  3.05 MB

MaxMetaspaceSize: unlimited
CompressedClassSpaceSize: 1.00 GB
Initial GC threshold: 21.00 MB
Current GC threshold: 87.94 MB
CDS: off
MetaspaceReclaimPolicy: balanced
 - commit_granule_bytes: 65536.
 - commit_granule_words: 8192.
 - virtual_space_node_default_size: 1048576.
 - enlarge_chunks_in_place: 1.
 - new_chunks_are_fully_committed: 0.
 - uncommit_free_chunks: 1.
 - use_allocation_guard: 0.
 - handle_deallocations: 1.


Internal statistics:

num_allocs_failed_limit: 6.
num_arena_births: 590.
num_arena_deaths: 0.
num_vsnodes_births: 7.
num_vsnodes_deaths: 0.
num_space_committed: 847.
num_space_uncommitted: 0.
num_chunks_returned_to_freelist: 6.
num_chunks_taken_from_freelist: 2319.
num_chunk_merges: 6.
num_chunk_splits: 1546.
num_chunks_enlarged: 1051.
num_purges: 0.
num_inconsistent_stats: 0.

CodeHeap 'non-profiled nmethods': size=120000Kb used=3298Kb max_used=3298Kb free=116701Kb
 bounds [0x000002999fb10000, 0x000002999fe50000, 0x00000299a7040000]
CodeHeap 'profiled nmethods': size=120000Kb used=11636Kb max_used=11636Kb free=108363Kb
 bounds [0x0000029998040000, 0x0000029998ba0000, 0x000002999f570000]
CodeHeap 'non-nmethods': size=5760Kb used=2316Kb max_used=2421Kb free=3443Kb
 bounds [0x000002999f570000, 0x000002999f7f0000, 0x000002999fb10000]
 total_blobs=6903 nmethods=6068 adapters=747
 compilation: enabled
              stopped_count=0, restarted_count=0
 full_count=0

Compilation events (20 events):
Event: 65.068 Thread 0x00000299af43ac40 nmethod 6115 0x000002999fe43b10 code [0x000002999fe43d40, 0x000002999fe45ed0]
Event: 65.080 Thread 0x00000299af43ac40 6116       4       java.util.concurrent.locks.AbstractQueuedSynchronizer$ConditionObject::enableWait (84 bytes)
Event: 65.109 Thread 0x00000299af43ac40 nmethod 6116 0x000002999fe46810 code [0x000002999fe469c0, 0x000002999fe46fe8]
Event: 66.748 Thread 0x00000299af43b540 6117       1       java.lang.management.DefaultPlatformMBeanProvider$7::mbeanInterfaceNames (5 bytes)
Event: 66.748 Thread 0x00000299af43b540 nmethod 6117 0x000002999fe47290 code [0x000002999fe47420, 0x000002999fe474f8]
Event: 66.748 Thread 0x00000299af43b540 6118       1       com.sun.management.internal.PlatformMBeanProviderImpl$2::mbeanInterfaceNames (5 bytes)
Event: 66.748 Thread 0x00000299af43b540 nmethod 6118 0x000002999fe47590 code [0x000002999fe47720, 0x000002999fe477f8]
Event: 66.748 Thread 0x00000299af43b540 6119       1       com.sun.management.internal.PlatformMBeanProviderImpl$3::mbeanInterfaceNames (5 bytes)
Event: 66.748 Thread 0x00000299af43b540 nmethod 6119 0x000002999fe47890 code [0x000002999fe47a20, 0x000002999fe47af8]
Event: 66.748 Thread 0x00000299af43b540 6120       1       java.lang.management.DefaultPlatformMBeanProvider$5::mbeanInterfaceNames (5 bytes)
Event: 66.749 Thread 0x00000299af43b540 nmethod 6120 0x000002999fe47b90 code [0x000002999fe47d20, 0x000002999fe47df8]
Event: 66.749 Thread 0x00000299af43b540 6121       1       java.lang.management.DefaultPlatformMBeanProvider$6::mbeanInterfaceNames (5 bytes)
Event: 66.749 Thread 0x00000299af43b540 nmethod 6121 0x000002999fe47e90 code [0x000002999fe48020, 0x000002999fe480f8]
Event: 67.406 Thread 0x00000299af43b540 6122       1       org.gradle.launcher.daemon.server.health.gc.GarbageCollectionEvent::getUsage (5 bytes)
Event: 67.407 Thread 0x00000299af43b540 nmethod 6122 0x000002999fe48190 code [0x000002999fe48320, 0x000002999fe483f8]
Event: 67.542 Thread 0x00000299af43ac40 6123       4       java.util.LinkedList$ListItr::next (56 bytes)
Event: 67.550 Thread 0x00000299af43ac40 nmethod 6123 0x000002999fe48490 code [0x000002999fe48620, 0x000002999fe48918]
Event: 67.840 Thread 0x00000299af43b540 6124   !   3       java.nio.charset.CharsetDecoder::decode (275 bytes)
Event: 67.841 Thread 0x00000299af43ac40 6125   !   4       java.io.BufferedReader::readLine (327 bytes)
Event: 67.847 Thread 0x00000299af43b540 nmethod 6124 0x0000029998b9b290 code [0x0000029998b9b5c0, 0x0000029998b9ca48]

GC Heap History (20 events):
Event: 15.808 GC heap before
{Heap before GC invocations=7 (full 0):
 garbage-first heap   total 68608K, used 27454K [0x0000000080000000, 0x0000000100000000)
  region size 1024K, 9 young (9216K), 3 survivors (3072K)
 Metaspace       used 35655K, committed 35968K, reserved 1081344K
  class space    used 4875K, committed 5056K, reserved 1048576K
}
Event: 15.815 GC heap after
{Heap after GC invocations=8 (full 0):
 garbage-first heap   total 68608K, used 24213K [0x0000000080000000, 0x0000000100000000)
  region size 1024K, 3 young (3072K), 3 survivors (3072K)
 Metaspace       used 35655K, committed 35968K, reserved 1081344K
  class space    used 4875K, committed 5056K, reserved 1048576K
}
Event: 17.189 GC heap before
{Heap before GC invocations=9 (full 0):
 garbage-first heap   total 68608K, used 48789K [0x0000000080000000, 0x0000000100000000)
  region size 1024K, 28 young (28672K), 3 survivors (3072K)
 Metaspace       used 40432K, committed 40768K, reserved 1089536K
  class space    used 5357K, committed 5504K, reserved 1048576K
}
Event: 17.198 GC heap after
{Heap after GC invocations=10 (full 0):
 garbage-first heap   total 68608K, used 27771K [0x0000000080000000, 0x0000000100000000)
  region size 1024K, 4 young (4096K), 4 survivors (4096K)
 Metaspace       used 40432K, committed 40768K, reserved 1089536K
  class space    used 5357K, committed 5504K, reserved 1048576K
}
Event: 18.243 GC heap before
{Heap before GC invocations=10 (full 0):
 garbage-first heap   total 68608K, used 53371K [0x0000000080000000, 0x0000000100000000)
  region size 1024K, 26 young (26624K), 4 survivors (4096K)
 Metaspace       used 43016K, committed 43456K, reserved 1089536K
  class space    used 5644K, committed 5824K, reserved 1048576K
}
Event: 18.250 GC heap after
{Heap after GC invocations=11 (full 0):
 garbage-first heap   total 68608K, used 29500K [0x0000000080000000, 0x0000000100000000)
  region size 1024K, 3 young (3072K), 3 survivors (3072K)
 Metaspace       used 43016K, committed 43456K, reserved 1089536K
  class space    used 5644K, committed 5824K, reserved 1048576K
}
Event: 20.810 GC heap before
{Heap before GC invocations=11 (full 0):
 garbage-first heap   total 68608K, used 51004K [0x0000000080000000, 0x0000000100000000)
  region size 1024K, 24 young (24576K), 3 survivors (3072K)
 Metaspace       used 45009K, committed 45504K, reserved 1089536K
  class space    used 5850K, committed 6080K, reserved 1048576K
}
Event: 20.815 GC heap after
{Heap after GC invocations=12 (full 0):
 garbage-first heap   total 68608K, used 31158K [0x0000000080000000, 0x0000000100000000)
  region size 1024K, 2 young (2048K), 2 survivors (2048K)
 Metaspace       used 45009K, committed 45504K, reserved 1089536K
  class space    used 5850K, committed 6080K, reserved 1048576K
}
Event: 22.852 GC heap before
{Heap before GC invocations=12 (full 0):
 garbage-first heap   total 68608K, used 51638K [0x0000000080000000, 0x0000000100000000)
  region size 1024K, 22 young (22528K), 2 survivors (2048K)
 Metaspace       used 47556K, committed 47936K, reserved 1097728K
  class space    used 6277K, committed 6464K, reserved 1048576K
}
Event: 22.858 GC heap after
{Heap after GC invocations=13 (full 0):
 garbage-first heap   total 68608K, used 32655K [0x0000000080000000, 0x0000000100000000)
  region size 1024K, 3 young (3072K), 3 survivors (3072K)
 Metaspace       used 47556K, committed 47936K, reserved 1097728K
  class space    used 6277K, committed 6464K, reserved 1048576K
}
Event: 25.363 GC heap before
{Heap before GC invocations=13 (full 0):
 garbage-first heap   total 68608K, used 53135K [0x0000000080000000, 0x0000000100000000)
  region size 1024K, 23 young (23552K), 3 survivors (3072K)
 Metaspace       used 50425K, committed 50944K, reserved 1097728K
  class space    used 6744K, committed 6976K, reserved 1048576K
}
Event: 25.369 GC heap after
{Heap after GC invocations=14 (full 0):
 garbage-first heap   total 68608K, used 33925K [0x0000000080000000, 0x0000000100000000)
  region size 1024K, 3 young (3072K), 3 survivors (3072K)
 Metaspace       used 50425K, committed 50944K, reserved 1097728K
  class space    used 6744K, committed 6976K, reserved 1048576K
}
Event: 28.349 GC heap before
{Heap before GC invocations=14 (full 0):
 garbage-first heap   total 68608K, used 53381K [0x0000000080000000, 0x0000000100000000)
  region size 1024K, 22 young (22528K), 3 survivors (3072K)
 Metaspace       used 52625K, committed 53184K, reserved 1097728K
  class space    used 7050K, committed 7296K, reserved 1048576K
}
Event: 28.356 GC heap after
{Heap after GC invocations=15 (full 0):
 garbage-first heap   total 68608K, used 35558K [0x0000000080000000, 0x0000000100000000)
  region size 1024K, 3 young (3072K), 3 survivors (3072K)
 Metaspace       used 52625K, committed 53184K, reserved 1097728K
  class space    used 7050K, committed 7296K, reserved 1048576K
}
Event: 34.245 GC heap before
{Heap before GC invocations=16 (full 0):
 garbage-first heap   total 68608K, used 53990K [0x0000000080000000, 0x0000000100000000)
  region size 1024K, 21 young (21504K), 3 survivors (3072K)
 Metaspace       used 53213K, committed 53632K, reserved 1097728K
  class space    used 7119K, committed 7296K, reserved 1048576K
}
Event: 34.252 GC heap after
{Heap after GC invocations=17 (full 0):
 garbage-first heap   total 68608K, used 38193K [0x0000000080000000, 0x0000000100000000)
  region size 1024K, 3 young (3072K), 3 survivors (3072K)
 Metaspace       used 53213K, committed 53632K, reserved 1097728K
  class space    used 7119K, committed 7296K, reserved 1048576K
}
Event: 35.999 GC heap before
{Heap before GC invocations=17 (full 0):
 garbage-first heap   total 68608K, used 52529K [0x0000000080000000, 0x0000000100000000)
  region size 1024K, 18 young (18432K), 3 survivors (3072K)
 Metaspace       used 53581K, committed 54016K, reserved 1097728K
  class space    used 7160K, committed 7360K, reserved 1048576K
}
Event: 36.005 GC heap after
{Heap after GC invocations=18 (full 0):
 garbage-first heap   total 68608K, used 41332K [0x0000000080000000, 0x0000000100000000)
  region size 1024K, 3 young (3072K), 3 survivors (3072K)
 Metaspace       used 53581K, committed 54016K, reserved 1097728K
  class space    used 7160K, committed 7360K, reserved 1048576K
}
Event: 36.798 GC heap before
{Heap before GC invocations=19 (full 0):
 garbage-first heap   total 75776K, used 44404K [0x0000000080000000, 0x0000000100000000)
  region size 1024K, 7 young (7168K), 3 survivors (3072K)
 Metaspace       used 53623K, committed 54080K, reserved 1097728K
  class space    used 7161K, committed 7360K, reserved 1048576K
}
Event: 36.802 GC heap after
{Heap after GC invocations=20 (full 0):
 garbage-first heap   total 75776K, used 41633K [0x0000000080000000, 0x0000000100000000)
  region size 1024K, 1 young (1024K), 1 survivors (1024K)
 Metaspace       used 53623K, committed 54080K, reserved 1097728K
  class space    used 7161K, committed 7360K, reserved 1048576K
}

Dll operation events (2 events):
Event: 0.028 Loaded shared library C:\Users\MalikAdmin\AndroidStudioProjects1\jbr\bin\java.dll
Event: 1.734 Loaded shared library C:\Users\MalikAdmin\AndroidStudioProjects1\jbr\bin\verify.dll

Deoptimization events (20 events):
Event: 36.035 Thread 0x00000299af913230 DEOPT PACKING pc=0x00000299988e9d51 sp=0x000000cab03f8b20
Event: 36.035 Thread 0x00000299af913230 DEOPT UNPACKING pc=0x000002999f5c7143 sp=0x000000cab03f8018 mode 0
Event: 36.041 Thread 0x00000299af913230 DEOPT PACKING pc=0x00000299988e9d51 sp=0x000000cab03f8f50
Event: 36.041 Thread 0x00000299af913230 DEOPT UNPACKING pc=0x000002999f5c7143 sp=0x000000cab03f8448 mode 0
Event: 36.043 Thread 0x00000299af913230 DEOPT PACKING pc=0x00000299988e9d51 sp=0x000000cab03f9000
Event: 36.043 Thread 0x00000299af913230 DEOPT UNPACKING pc=0x000002999f5c7143 sp=0x000000cab03f84f8 mode 0
Event: 36.578 Thread 0x00000299af913230 Uncommon trap: trap_request=0xfffffff4 fr.pc=0x000002999fda725c relative=0x00000000000006fc
Event: 36.578 Thread 0x00000299af913230 Uncommon trap: reason=null_check action=make_not_entrant pc=0x000002999fda725c method=org.gradle.util.internal.SimpleMapInterner.intern(Ljava/lang/Object;)Ljava/lang/Object; @ 2 c2
Event: 36.578 Thread 0x00000299af913230 DEOPT PACKING pc=0x000002999fda725c sp=0x000000cab03f9370
Event: 36.578 Thread 0x00000299af913230 DEOPT UNPACKING pc=0x000002999f5c69a3 sp=0x000000cab03f9338 mode 2
Event: 37.182 Thread 0x00000299af913230 Uncommon trap: trap_request=0xffffff45 fr.pc=0x000002999fc8b004 relative=0x0000000000002d84
Event: 37.182 Thread 0x00000299af913230 Uncommon trap: reason=unstable_if action=reinterpret pc=0x000002999fc8b004 method=java.util.zip.ZipFile.getInputStream(Ljava/util/zip/ZipEntry;)Ljava/io/InputStream; @ 101 c2
Event: 37.182 Thread 0x00000299af913230 DEOPT PACKING pc=0x000002999fc8b004 sp=0x000000cab03f8c30
Event: 37.182 Thread 0x00000299af913230 DEOPT UNPACKING pc=0x000002999f5c69a3 sp=0x000000cab03f8bf8 mode 2
Event: 37.218 Thread 0x00000299af913230 DEOPT PACKING pc=0x0000029998107113 sp=0x000000cab03f8920
Event: 37.218 Thread 0x00000299af913230 DEOPT UNPACKING pc=0x000002999f5c7143 sp=0x000000cab03f7eb0 mode 0
Event: 42.920 Thread 0x00000299af913230 Uncommon trap: trap_request=0xffffff45 fr.pc=0x000002999fb72180 relative=0x00000000000006c0
Event: 42.920 Thread 0x00000299af913230 Uncommon trap: reason=unstable_if action=reinterpret pc=0x000002999fb72180 method=java.util.jar.Manifest$FastInputStream.readLine([BII)I @ 130 c2
Event: 42.920 Thread 0x00000299af913230 DEOPT PACKING pc=0x000002999fb72180 sp=0x000000cab03f85f0
Event: 42.920 Thread 0x00000299af913230 DEOPT UNPACKING pc=0x000002999f5c69a3 sp=0x000000cab03f8580 mode 2

Classes unloaded (0 events):
No events

Classes redefined (0 events):
No events

Internal exceptions (20 events):
Event: 22.979 Thread 0x00000299b0f05ef0 Exception <a 'java/lang/NoSuchMethodError'{0x0000000085224950}: static Lorg/gradle/internal/build/event/types/DefaultProjectConfigurationDescriptor;.<clinit>()V> (0x0000000085224950) 
thrown [s\src\hotspot\share\prims\jni.cpp, line 1108]
Event: 22.980 Thread 0x00000299b0f05ef0 Exception <a 'java/lang/NoSuchMethodError'{0x0000000085227360}: static Lorg/gradle/internal/build/event/types/DefaultOperationDescriptor;.<clinit>()V> (0x0000000085227360) 
thrown [s\src\hotspot\share\prims\jni.cpp, line 1108]
Event: 22.984 Thread 0x00000299b0f05ef0 Exception <a 'java/lang/NoSuchMethodError'{0x000000008529e788}: static Lorg/gradle/internal/operations/OperationIdentifier;.<clinit>()V> (0x000000008529e788) 
thrown [s\src\hotspot\share\prims\jni.cpp, line 1108]
Event: 23.360 Thread 0x00000299af913230 Implicit null exception at 0x000002999fc2d06f to 0x000002999fc2d294
Event: 26.243 Thread 0x00000299af913230 Exception <a 'java/lang/NoSuchMethodError'{0x00000000838b1df0}: 'int java.lang.invoke.DirectMethodHandle$Holder.invokeStatic(java.lang.Object)'> (0x00000000838b1df0) 
thrown [s\src\hotspot\share\interpreter\linkResolver.cpp, line 771]
Event: 26.244 Thread 0x00000299af913230 Exception <a 'java/lang/NoSuchMethodError'{0x00000000838b6488}: 'int java.lang.invoke.DirectMethodHandle$Holder.invokeStaticInit(java.lang.Object)'> (0x00000000838b6488) 
thrown [s\src\hotspot\share\interpreter\linkResolver.cpp, line 771]
Event: 26.268 Thread 0x00000299af913230 Exception <a 'java/lang/NoSuchMethodError'{0x000000008372b280}: 'java.lang.Object java.lang.invoke.DirectMethodHandle$Holder.newInvokeSpecial(java.lang.Object, java.lang.Object, java.lang.Object, java.lang.Object, java.lang.Object, int)'> (0x000000008372b280) 
thrown [s\src\hotspot\share\interpreter\linkResolver.cpp, line 771]
Event: 26.268 Thread 0x00000299af913230 Exception <a 'java/lang/NoSuchMethodError'{0x00000000837308d8}: 'java.lang.Object java.lang.invoke.DirectMethodHandle$Holder.invokeSpecial(java.lang.Object, java.lang.Object, java.lang.Object, java.lang.Object, java.lang.Object, java.lang.Object, int)'> (0x00000000837308d8) 
thrown [s\src\hotspot\share\interpreter\linkResolver.cpp, line 771]
Event: 26.310 Thread 0x00000299af913230 Exception <a 'java/lang/NoSuchMethodError'{0x0000000083602698}: 'void java.lang.invoke.DirectMethodHandle$Holder.invokeStatic(java.lang.Object, java.lang.Object, java.lang.Object, int, java.lang.Object)'> (0x0000000083602698) 
thrown [s\src\hotspot\share\interpreter\linkResolver.cpp, line 771]
Event: 26.847 Thread 0x00000299af913230 Exception <a 'java/lang/NoSuchMethodError'{0x00000000833dca78}: 'java.lang.Object java.lang.invoke.DirectMethodHandle$Holder.newInvokeSpecial(java.lang.Object, java.lang.Object, int)'> (0x00000000833dca78) 
thrown [s\src\hotspot\share\interpreter\linkResolver.cpp, line 771]
Event: 34.802 Thread 0x00000299af913230 Exception <a 'java/lang/NoSuchMethodError'{0x0000000084d95298}: 'long java.lang.invoke.DirectMethodHandle$Holder.invokeVirtual(java.lang.Object, java.lang.Object)'> (0x0000000084d95298) 
thrown [s\src\hotspot\share\interpreter\linkResolver.cpp, line 771]
Event: 34.824 Thread 0x00000299b0f05ef0 Exception <a 'java/lang/NoSuchMethodError'{0x0000000084dc2c40}: static Lorg/gradle/internal/build/event/types/DefaultOperationFinishedProgressEvent;.<clinit>()V> (0x0000000084dc2c40) 
thrown [s\src\hotspot\share\prims\jni.cpp, line 1108]
Event: 34.837 Thread 0x00000299b0f05ef0 Exception <a 'java/lang/NoSuchMethodError'{0x0000000084c21678}: static Lorg/gradle/internal/build/event/types/DefaultProjectConfigurationSuccessResult;.<clinit>()V> (0x0000000084c21678) 
thrown [s\src\hotspot\share\prims\jni.cpp, line 1108]
Event: 34.837 Thread 0x00000299b0f05ef0 Exception <a 'java/lang/NoSuchMethodError'{0x0000000084c22bf8}: static Lorg/gradle/internal/build/event/types/AbstractProjectConfigurationResult;.<clinit>()V> (0x0000000084c22bf8) 
thrown [s\src\hotspot\share\prims\jni.cpp, line 1108]
Event: 34.838 Thread 0x00000299b0f05ef0 Exception <a 'java/lang/NoSuchMethodError'{0x0000000084c24350}: static Lorg/gradle/internal/build/event/types/AbstractOperationResult;.<clinit>()V> (0x0000000084c24350) 
thrown [s\src\hotspot\share\prims\jni.cpp, line 1108]
Event: 34.838 Thread 0x00000299b0f05ef0 Exception <a 'java/lang/NoSuchMethodError'{0x0000000084c257c8}: static Lorg/gradle/internal/build/event/types/AbstractResult;.<clinit>()V> (0x0000000084c257c8) 
thrown [s\src\hotspot\share\prims\jni.cpp, line 1108]
Event: 34.847 Thread 0x00000299b0f05ef0 Exception <a 'java/lang/NoSuchMethodError'{0x0000000084c3d598}: static Lorg/gradle/internal/build/event/types/DefaultPluginApplicationResult;.<clinit>()V> (0x0000000084c3d598) 
thrown [s\src\hotspot\share\prims\jni.cpp, line 1108]
Event: 34.856 Thread 0x00000299b0f05ef0 Exception <a 'java/lang/NoSuchMethodError'{0x0000000084c49900}: static Lorg/gradle/internal/build/event/types/DefaultBinaryPluginIdentifier;.<clinit>()V> (0x0000000084c49900) 
thrown [s\src\hotspot\share\prims\jni.cpp, line 1108]
Event: 34.875 Thread 0x00000299b0f05ef0 Exception <a 'java/lang/NoSuchMethodError'{0x0000000084c69d88}: static Lorg/gradle/internal/build/event/types/DefaultScriptPluginIdentifier;.<clinit>()V> (0x0000000084c69d88) 
thrown [s\src\hotspot\share\prims\jni.cpp, line 1108]
Event: 36.578 Thread 0x00000299af913230 Implicit null exception at 0x000002999fda6b8f to 0x000002999fda724c

VM Operations (20 events):
Event: 37.905 Executing VM operation: Cleanup
Event: 37.905 Executing VM operation: Cleanup done
Event: 38.910 Executing VM operation: Cleanup
Event: 38.910 Executing VM operation: Cleanup done
Event: 42.949 Executing VM operation: Cleanup
Event: 42.950 Executing VM operation: Cleanup done
Event: 49.023 Executing VM operation: Cleanup
Event: 49.023 Executing VM operation: Cleanup done
Event: 53.123 Executing VM operation: Cleanup
Event: 53.129 Executing VM operation: Cleanup done
Event: 58.180 Executing VM operation: Cleanup
Event: 58.180 Executing VM operation: Cleanup done
Event: 59.193 Executing VM operation: Cleanup
Event: 59.197 Executing VM operation: Cleanup done
Event: 61.217 Executing VM operation: Cleanup
Event: 61.217 Executing VM operation: Cleanup done
Event: 62.227 Executing VM operation: Cleanup
Event: 62.227 Executing VM operation: Cleanup done
Event: 65.255 Executing VM operation: Cleanup
Event: 65.255 Executing VM operation: Cleanup done

Events (20 events):
Event: 30.608 Thread 0x00000299b40e4c90 Thread added: 0x00000299b40e4c90
Event: 30.609 Thread 0x00000299b40e5160 Thread added: 0x00000299b40e5160
Event: 30.609 Thread 0x00000299b40e0e00 Thread added: 0x00000299b40e0e00
Event: 34.569 Thread 0x00000299b40e2140 Thread added: 0x00000299b40e2140
Event: 34.569 Thread 0x00000299b40e6970 Thread added: 0x00000299b40e6970
Event: 34.570 Thread 0x00000299b40e5630 Thread added: 0x00000299b40e5630
Event: 34.804 loading class java/util/stream/SortedOps
Event: 34.813 loading class java/util/stream/SortedOps done
Event: 34.813 loading class java/util/stream/SortedOps$OfRef
Event: 34.813 loading class java/util/stream/ReferencePipeline$StatefulOp
Event: 34.813 loading class java/util/stream/ReferencePipeline$StatefulOp done
Event: 34.813 loading class java/util/stream/SortedOps$OfRef done
Event: 34.816 loading class java/util/stream/SortedOps$RefSortingSink
Event: 34.816 loading class java/util/stream/SortedOps$AbstractRefSortingSink
Event: 34.816 loading class java/util/stream/SortedOps$AbstractRefSortingSink done
Event: 34.816 loading class java/util/stream/SortedOps$RefSortingSink done
Event: 34.834 Thread 0x00000299b3c16af0 Thread added: 0x00000299b3c16af0
Event: 34.863 loading class java/time/Ser
Event: 34.863 loading class java/time/Ser done
Event: 35.921 Thread 0x00000299b3c16af0 Thread exited: 0x00000299b3c16af0


Dynamic libraries:
0x00007ff6e4160000 - 0x00007ff6e416a000 	C:\Users\MalikAdmin\AndroidStudioProjects1\jbr\bin\java.exe
0x00007ff887410000 - 0x00007ff887627000 	C:\WINDOWS\SYSTEM32\ntdll.dll
0x00007ff8866f0000 - 0x00007ff8867b4000 	C:\WINDOWS\System32\KERNEL32.DLL
0x00007ff884cd0000 - 0x00007ff88507c000 	C:\WINDOWS\System32\KERNELBASE.dll
0x00007ff884740000 - 0x00007ff884851000 	C:\WINDOWS\System32\ucrtbase.dll
0x00007ff86b3a0000 - 0x00007ff86b3b7000 	C:\Users\MalikAdmin\AndroidStudioProjects1\jbr\bin\jli.dll
0x00007ff879050000 - 0x00007ff87906b000 	C:\Users\MalikAdmin\AndroidStudioProjects1\jbr\bin\VCRUNTIME140.dll
0x00007ff8861b0000 - 0x00007ff88635e000 	C:\WINDOWS\System32\USER32.dll
0x00007ff885080000 - 0x00007ff8850a6000 	C:\WINDOWS\System32\win32u.dll
0x00007ff8598e0000 - 0x00007ff859b73000 	C:\WINDOWS\WinSxS\amd64_microsoft.windows.common-controls_6595b64144ccf1df_6.0.22621.3672_none_2713b9d173822955\COMCTL32.dll
0x00007ff8871e0000 - 0x00007ff887209000 	C:\WINDOWS\System32\GDI32.dll
0x00007ff8868d0000 - 0x00007ff886977000 	C:\WINDOWS\System32\msvcrt.dll
0x00007ff8849c0000 - 0x00007ff884ad9000 	C:\WINDOWS\System32\gdi32full.dll
0x00007ff884860000 - 0x00007ff8848fa000 	C:\WINDOWS\System32\msvcp_win.dll
0x00007ff885f10000 - 0x00007ff885f41000 	C:\WINDOWS\System32\IMM32.DLL
0x00007ff879040000 - 0x00007ff87904c000 	C:\Users\MalikAdmin\AndroidStudioProjects1\jbr\bin\vcruntime140_1.dll
0x00007ff86bd10000 - 0x00007ff86bd9d000 	C:\Users\MalikAdmin\AndroidStudioProjects1\jbr\bin\msvcp140.dll
0x00007fffef070000 - 0x00007fffefcde000 	C:\Users\MalikAdmin\AndroidStudioProjects1\jbr\bin\server\jvm.dll
0x00007ff887310000 - 0x00007ff8873c2000 	C:\WINDOWS\System32\ADVAPI32.dll
0x00007ff8867c0000 - 0x00007ff88686a000 	C:\WINDOWS\System32\sechost.dll
0x00007ff8850b0000 - 0x00007ff8850d8000 	C:\WINDOWS\System32\bcrypt.dll
0x00007ff885290000 - 0x00007ff8853a5000 	C:\WINDOWS\System32\RPCRT4.dll
0x00007ff85f6a0000 - 0x00007ff85f6a9000 	C:\WINDOWS\SYSTEM32\WSOCK32.dll
0x00007ff86fb50000 - 0x00007ff86fb5a000 	C:\WINDOWS\SYSTEM32\VERSION.dll
0x00007ff8853e0000 - 0x00007ff885451000 	C:\WINDOWS\System32\WS2_32.dll
0x00007ff87c060000 - 0x00007ff87c094000 	C:\WINDOWS\SYSTEM32\WINMM.dll
0x00007ff883730000 - 0x00007ff883748000 	C:\WINDOWS\SYSTEM32\kernel.appcore.dll
0x00007ff86cd20000 - 0x00007ff86cd2a000 	C:\Users\MalikAdmin\AndroidStudioProjects1\jbr\bin\jimage.dll
0x00007ff87e290000 - 0x00007ff87e4c2000 	C:\WINDOWS\SYSTEM32\DBGHELP.DLL
0x00007ff886360000 - 0x00007ff8866e8000 	C:\WINDOWS\System32\combase.dll
0x00007ff8851b0000 - 0x00007ff885287000 	C:\WINDOWS\System32\OLEAUT32.dll
0x00007ff86e430000 - 0x00007ff86e462000 	C:\WINDOWS\SYSTEM32\dbgcore.DLL
0x00007ff884ae0000 - 0x00007ff884b5b000 	C:\WINDOWS\System32\bcryptPrimitives.dll
0x00007ff86bb60000 - 0x00007ff86bb85000 	C:\Users\MalikAdmin\AndroidStudioProjects1\jbr\bin\java.dll
0x00007ff86bb00000 - 0x00007ff86bb18000 	C:\Users\MalikAdmin\AndroidStudioProjects1\jbr\bin\zip.dll
0x00007ff886980000 - 0x00007ff8871dc000 	C:\WINDOWS\System32\SHELL32.dll
0x00007ff882640000 - 0x00007ff882f37000 	C:\WINDOWS\SYSTEM32\windows.storage.dll
0x00007ff882500000 - 0x00007ff88263f000 	C:\WINDOWS\SYSTEM32\wintypes.dll
0x00007ff887210000 - 0x00007ff887304000 	C:\WINDOWS\System32\SHCORE.dll
0x00007ff886870000 - 0x00007ff8868ce000 	C:\WINDOWS\System32\shlwapi.dll
0x00007ff884670000 - 0x00007ff884691000 	C:\WINDOWS\SYSTEM32\profapi.dll
0x00007ff86b510000 - 0x00007ff86b529000 	C:\Users\MalikAdmin\AndroidStudioProjects1\jbr\bin\net.dll
0x00007ff87d460000 - 0x00007ff87d596000 	C:\WINDOWS\SYSTEM32\WINHTTP.dll
0x00007ff883b90000 - 0x00007ff883bf9000 	C:\WINDOWS\system32\mswsock.dll
0x00007ff86b380000 - 0x00007ff86b396000 	C:\Users\MalikAdmin\AndroidStudioProjects1\jbr\bin\nio.dll
0x00007ff86bc30000 - 0x00007ff86bc40000 	C:\Users\MalikAdmin\AndroidStudioProjects1\jbr\bin\verify.dll
0x00007ff86b290000 - 0x00007ff86b2b7000 	C:\Users\MalikAdmin\.gradle\native\68d5fa5c4cc2d200863cafc0d521ce42e7d3e7ee720ec0a83991735586a16f82\windows-amd64\native-platform.dll
0x00007ff800f60000 - 0x00007ff8010a4000 	C:\Users\MalikAdmin\.gradle\native\e376f236ea51e6404a007f0833ffe2c6e607c4080706a723a18a27aeea778392\windows-amd64\native-platform-file-events.dll
0x00007ff86b570000 - 0x00007ff86b579000 	C:\Users\MalikAdmin\AndroidStudioProjects1\jbr\bin\management.dll
0x00007ff86b500000 - 0x00007ff86b50b000 	C:\Users\MalikAdmin\AndroidStudioProjects1\jbr\bin\management_ext.dll
0x00007ff8853b0000 - 0x00007ff8853b8000 	C:\WINDOWS\System32\PSAPI.DLL
0x00007ff883ee0000 - 0x00007ff883efb000 	C:\WINDOWS\SYSTEM32\CRYPTSP.dll
0x00007ff883690000 - 0x00007ff8836c5000 	C:\WINDOWS\system32\rsaenh.dll
0x00007ff883c30000 - 0x00007ff883c58000 	C:\WINDOWS\SYSTEM32\USERENV.dll
0x00007ff883ec0000 - 0x00007ff883ecc000 	C:\WINDOWS\SYSTEM32\CRYPTBASE.dll
0x00007ff883190000 - 0x00007ff8831bd000 	C:\WINDOWS\SYSTEM32\IPHLPAPI.DLL
0x00007ff885d50000 - 0x00007ff885d59000 	C:\WINDOWS\System32\NSI.dll
0x00007ff87d120000 - 0x00007ff87d139000 	C:\WINDOWS\SYSTEM32\dhcpcsvc6.DLL
0x00007ff87ced0000 - 0x00007ff87ceef000 	C:\WINDOWS\SYSTEM32\dhcpcsvc.DLL
0x00007ff8831c0000 - 0x00007ff8832b8000 	C:\WINDOWS\SYSTEM32\DNSAPI.dll
0x00007ff860800000 - 0x00007ff860808000 	C:\WINDOWS\system32\wshunix.dll

dbghelp: loaded successfully - version: 4.0.5 - missing functions: none
symbol engine: initialized successfully - sym options: 0x614 - pdb path: .;C:\Users\MalikAdmin\AndroidStudioProjects1\jbr\bin;C:\WINDOWS\SYSTEM32;C:\WINDOWS\WinSxS\amd64_microsoft.windows.common-controls_6595b64144ccf1df_6.0.22621.3672_none_2713b9d173822955;C:\Users\MalikAdmin\AndroidStudioProjects1\jbr\bin\server;C:\Users\MalikAdmin\.gradle\native\68d5fa5c4cc2d200863cafc0d521ce42e7d3e7ee720ec0a83991735586a16f82\windows-amd64;C:\Users\MalikAdmin\.gradle\native\e376f236ea51e6404a007f0833ffe2c6e607c4080706a723a18a27aeea778392\windows-amd64

VM Arguments:
jvm_args: --add-opens=java.base/java.util=ALL-UNNAMED --add-opens=java.base/java.lang=ALL-UNNAMED --add-opens=java.base/java.lang.invoke=ALL-UNNAMED --add-opens=java.prefs/java.util.prefs=ALL-UNNAMED --add-opens=java.base/java.nio.charset=ALL-UNNAMED --add-opens=java.base/java.net=ALL-UNNAMED --add-opens=java.base/java.util.concurrent.atomic=ALL-UNNAMED -Xmx2048m -Dfile.encoding=UTF-8 -Duser.country=US -Duser.language=en -Duser.variant 
java_command: org.gradle.launcher.daemon.bootstrap.GradleDaemon 8.0
java_class_path (initial): C:\Users\MalikAdmin\.gradle\wrapper\dists\gradle-8.0-bin\ca5e32bp14vu59qr306oxotwh\gradle-8.0\lib\gradle-launcher-8.0.jar
Launcher Type: SUN_STANDARD

[Global flags]
     intx CICompilerCount                          = 4                                         {product} {ergonomic}
     uint ConcGCThreads                            = 2                                         {product} {ergonomic}
     uint G1ConcRefinementThreads                  = 8                                         {product} {ergonomic}
   size_t G1HeapRegionSize                         = 1048576                                   {product} {ergonomic}
    uintx GCDrainStackTargetSize                   = 64                                        {product} {ergonomic}
   size_t InitialHeapSize                          = 132120576                                 {product} {ergonomic}
   size_t MarkStackSize                            = 4194304                                   {product} {ergonomic}
   size_t MaxHeapSize                              = 2147483648                                {product} {command line}
   size_t MaxNewSize                               = 1287651328                                {product} {ergonomic}
   size_t MinHeapDeltaBytes                        = 1048576                                   {product} {ergonomic}
   size_t MinHeapSize                              = 8388608                                   {product} {ergonomic}
    uintx NonNMethodCodeHeapSize                   = 5839372                                {pd product} {ergonomic}
    uintx NonProfiledCodeHeapSize                  = 122909434                              {pd product} {ergonomic}
    uintx ProfiledCodeHeapSize                     = 122909434                              {pd product} {ergonomic}
    uintx ReservedCodeCacheSize                    = 251658240                              {pd product} {ergonomic}
     bool SegmentedCodeCache                       = true                                      {product} {ergonomic}
   size_t SoftMaxHeapSize                          = 2147483648                             {manageable} {ergonomic}
     bool UseCompressedClassPointers               = true                           {product lp64_product} {ergonomic}
     bool UseCompressedOops                        = true                           {product lp64_product} {ergonomic}
     bool UseG1GC                                  = true                                      {product} {ergonomic}
     bool UseLargePagesIndividualAllocation        = false                                  {pd product} {ergonomic}

Logging:
Log output configuration:
 #0: stdout all=warning uptime,level,tags
 #1: stderr all=off uptime,level,tags

Environment Variables:
JAVA_HOME=C:\Program Files\Java\jdk-17
PATH=D:\PROGRAMMING\Programming Related\PDC\MPI_BASE\Bin\;C:\Program Files\Common Files\Oracle\Java\javapath;C:\Program Files\Microsoft\jdk-11.0.16.101-hotspot\bin;C:\Program Files (x86)\Common Files\Intel\Shared Libraries\redist\intel64\compiler;C:\Program Files (x86)\Intel\Intel(R) Management Engine Components\iCLS\;C:\Program Files\Intel\Intel(R) Management Engine Components\iCLS\;C:\WINDOWS\system32;C:\WINDOWS;C:\WINDOWS\System32\Wbem;C:\WINDOWS\System32\WindowsPowerShell\v1.0\;C:\WINDOWS\System32\OpenSSH\;C:\Program Files (x86)\Intel\Intel(R) Management Engine Components\DAL;C:\Program Files\Intel\Intel(R) Management Engine Components\DAL;C:\Program Files\Intel\WiFi\bin\;C:\Program Files\Common Files\Intel\WirelessCommon\;C:\msys64\mingw64\bin\;C:\Users\MalikAdmin\AppData\Local\Programs\Python\Python39\Scripts;C:\Program Files\Microsoft SQL Server\Client SDK\ODBC\170\Tools\Binn\;C:\Program Files\dotnet\;C:\ffmpeg\bin\;C:\Program Files\Microsoft\jdk-11.0.16.101-hotspot\bin;C:\Program Files\Java\jdk-17\bin;C:\Program Files\nodejs\;C:\Program Files\Git\cmd;C:\msys64\ucrt64\bin;C:\Users\MalikAdmin\AppData\Local\Microsoft\WindowsApps;C:\Program Files\JetBrains\PyCharm Community Edition 2021.3.2\bin;;C:\Program Files\JetBrains\IntelliJ IDEA Community Edition 2022.1.1\bin;;C:\Users\MalikAdmin\AppData\Local\Programs\Python\Python39;C:\Users\MalikAdmin\AppData\Local\Programs\Python\Python39\Scripts;C:\Users\MalikAdmin\.dotnet\tools;C:\MinGW\bin;D:\Microsoft VS Code\bin;C:\Users\MalikAdmin\AppData\Roaming\npm
USERNAME=IsmaiL
OS=Windows_NT
PROCESSOR_IDENTIFIER=Intel64 Family 6 Model 142 Stepping 11, GenuineIntel
TMP=C:\Users\MALIKA~1\AppData\Local\Temp
TEMP=C:\Users\MALIKA~1\AppData\Local\Temp


JNI global refs:
JNI global refs: 24, weak refs: 0

JNI global refs memory usage: 843, weak refs: 841


---------------  S Y S T E M  ---------------

OS:
 Windows 11 , 64 bit Build 22621 (10.0.22621.3672)
OS uptime: 0 days 13:38 hours
Hyper-V role detected

CPU: total 8 (initial active 8) (4 cores per cpu, 2 threads per core) family 6 model 142 stepping 11 microcode 0xde, cx8, cmov, fxsr, ht, mmx, 3dnowpref, sse, sse2, sse3, ssse3, sse4.1, sse4.2, popcnt, lzcnt, tsc, tscinvbit, avx, avx2, aes, erms, clmul, bmi1, bmi2, adx, fma, vzeroupper, clflush, clflushopt, hv

Memory: 4k page, system-wide physical 8039M (430M free)
TotalPageFile size 32615M (AvailPageFile size 0M)
current process WorkingSet (physical memory assigned to process): 42M, peak: 230M
current process commit charge ("private bytes"): 262M, peak: 286M

vm_info: OpenJDK 64-Bit Server VM (17.0.6+0-b2043.56-10027231) for windows-amd64 JRE (17.0.6+0-b2043.56-10027231), built on Apr 28 2023 00:43:19 by "androidbuild" with MS VC++ 16.10 / 16.11 (VS2019)

END.
